-- run_test.py: invoking following command in '/home/user/ros2_ws/build/coordinate_transformer':
 - /home/user/ros2_ws/build/coordinate_transformer/test_coordinate_transformer --gtest_output=xml:/home/user/ros2_ws/build/coordinate_transformer/test_results/coordinate_transformer/test_coordinate_transformer.gtest.xml

[==========] Running 10 tests from 1 test suite.
[----------] Global test environment set-up.
[----------] 10 tests from CoordinateTransformerTest
[ RUN      ] CoordinateTransformerTest.TransformTest
[       OK ] CoordinateTransformerTest.TransformTest (18 ms)
[ RUN      ] CoordinateTransformerTest.ConvertSuccess
[       OK ] CoordinateTransformerTest.ConvertSuccess (6 ms)
[ RUN      ] CoordinateTransformerTest.OutOfBounds
[       OK ] CoordinateTransformerTest.OutOfBounds (6 ms)
[ RUN      ] CoordinateTransformerTest.TransformNotFound
[ERROR] [1744368305.049506881] [test_node]: Transform nonexistent_frame->frameB not found
[       OK ] CoordinateTransformerTest.TransformNotFound (6 ms)
[ RUN      ] CoordinateTransformerTest.SameFrame
[       OK ] CoordinateTransformerTest.SameFrame (6 ms)
[ RUN      ] CoordinateTransformerTest.SourceFrameNotFound
[ERROR] [1744368305.062843130] [test_node]: Transform nonexistent_frame->frameB not found
[       OK ] CoordinateTransformerTest.SourceFrameNotFound (6 ms)
[ RUN      ] CoordinateTransformerTest.TargetFrameNotFound
[ERROR] [1744368305.069504130] [test_node]: Transform frameA->nonexistent_frame not found
[       OK ] CoordinateTransformerTest.TargetFrameNotFound (6 ms)
[ RUN      ] CoordinateTransformerTest.Rotation90
[       OK ] CoordinateTransformerTest.Rotation90 (6 ms)
[ RUN      ] CoordinateTransformerTest.Rotation180
[       OK ] CoordinateTransformerTest.Rotation180 (6 ms)
[ RUN      ] CoordinateTransformerTest.Rotation270
[       OK ] CoordinateTransformerTest.Rotation270 (6 ms)
[----------] 10 tests from CoordinateTransformerTest (78 ms total)

[----------] Global test environment tear-down
[==========] 10 tests from 1 test suite ran. (78 ms total)
[  PASSED  ] 10 tests.


-- run_test.py: return code 0
-- run_test.py: inject classname prefix into gtest result file '/home/user/ros2_ws/build/coordinate_transformer/test_results/coordinate_transformer/test_coordinate_transformer.gtest.xml'
-- run_test.py: verify result file '/home/user/ros2_ws/build/coordinate_transformer/test_results/coordinate_transformer/test_coordinate_transformer.gtest.xml'
