[0.018s] Invoking command in '/home/user/ros2_ws/build/coordinate_transformer': DEBUGINFOD_URLS=https://debuginfod.ubuntu.com /usr/bin/cmake --build /home/user/ros2_ws/build/coordinate_transformer -- -j12 -l12
[0.117s] [ 50%] Built target gtest_main
[0.117s] [ 50%] Built target gtest
[0.119s] [ 75%] Built target coordinate_transformer
[0.173s] [ 87%] [32mBuilding CXX object CMakeFiles/test_coordinate_transformer.dir/test/test_coordinate_transformer.cpp.o[0m
[2.562s] In file included from [01m[K/opt/ros/jazzy/src/gtest_vendor/include/gtest/gtest-printers.h:122[m[K,
[2.562s]                  from [01m[K/opt/ros/jazzy/src/gtest_vendor/include/gtest/gtest-matchers.h:49[m[K,
[2.562s]                  from [01m[K/opt/ros/jazzy/src/gtest_vendor/include/gtest/internal/gtest-death-test-internal.h:47[m[K,
[2.562s]                  from [01m[K/opt/ros/jazzy/src/gtest_vendor/include/gtest/gtest-death-test.h:43[m[K,
[2.562s]                  from [01m[K/opt/ros/jazzy/src/gtest_vendor/include/gtest/gtest.h:65[m[K,
[2.563s]                  from [01m[K/home/user/ros2_ws/src/coordinate_transformer/test/test_coordinate_transformer.cpp:1[m[K:
[2.563s] [01m[K/home/user/ros2_ws/src/coordinate_transformer/test/test_coordinate_transformer.cpp:80:1:[m[K [01;31m[Kerror: [m[Kexpected class-name before â€˜[01m[K{[m[Kâ€™ token
[2.563s]    80 | [01;31m[KTEST_F[m[K(CoordinateTransformerIntegrationTest, TransformTest) {
[2.563s]       | [01;31m[K^~~~~~[m[K
[2.563s] [01m[K/home/user/ros2_ws/src/coordinate_transformer/test/test_coordinate_transformer.cpp:80:1:[m[K [01;31m[Kerror: [m[Kâ€˜[01m[KCoordinateTransformerIntegrationTest_TransformTest_Test::[01;32m[K~CoordinateTransformerIntegrationTest_TransformTest_Test[m[K()[m[Kâ€™ marked â€˜[01m[Koverride[m[Kâ€™, but does not override
[2.563s]    80 | [01;31m[KTEST_F[m[K(CoordinateTransformerIntegrationTest, TransformTest) {
[2.563s]       | [01;31m[K^~~~~~[m[K
[2.563s] [01m[K/home/user/ros2_ws/src/coordinate_transformer/test/test_coordinate_transformer.cpp:80:1:[m[K [01;31m[Kerror: [m[Kâ€˜[01m[Kvoid CoordinateTransformerIntegrationTest_TransformTest_Test::[01;32m[KTestBody[m[K()[m[Kâ€™ marked â€˜[01m[Koverride[m[Kâ€™, but does not override
[2.563s]    80 | [01;31m[KTEST_F[m[K(CoordinateTransformerIntegrationTest, TransformTest) {
[2.563s]       | [01;31m[K^~~~~~[m[K
[2.578s] [01m[K/home/user/ros2_ws/src/coordinate_transformer/test/test_coordinate_transformer.cpp:80:8:[m[K [01;31m[Kerror: [m[Kâ€˜[01m[KCoordinateTransformerIntegrationTest[m[Kâ€™ was not declared in this scope; did you mean â€˜[01m[KCoordinateTransformerTest[m[Kâ€™?
[2.578s]    80 | TEST_F([01;31m[KCoordinateTransformerIntegrationTest[m[K, TransformTest) {
[2.578s]       |        [01;31m[K^~~~~~~~~~~~~~~~~~~~~~~~~~~~~~~~~~~~[m[K
[2.579s] [01m[K/home/user/ros2_ws/src/coordinate_transformer/test/test_coordinate_transformer.cpp:80:1:[m[K [01;31m[Kerror: [m[Kno matching function for call to â€˜[01m[KGetTypeId<<expression error> >()[m[Kâ€™
[2.579s]    80 | [01;31m[KTEST_F[m[K(CoordinateTransformerIntegrationTest, TransformTest) {
[2.579s]       | [01;31m[K^~~~~~[m[K
[2.579s] [01m[K/opt/ros/jazzy/src/gtest_vendor/include/gtest/internal/gtest-internal.h:419:8:[m[K [01;36m[Knote: [m[Kcandidate: â€˜[01m[Ktemplate<class T> const void* testing::internal::[01;32m[KGetTypeId[m[K()[m[Kâ€™
[2.579s]   419 | TypeId [01;36m[KGetTypeId[m[K() {
[2.579s]       |        [01;36m[K^~~~~~~~~[m[K
[2.579s] [01m[K/opt/ros/jazzy/src/gtest_vendor/include/gtest/internal/gtest-internal.h:419:8:[m[K [01;36m[Knote: [m[K  template argument deduction/substitution failed:
[2.579s] [01m[K/home/user/ros2_ws/src/coordinate_transformer/test/test_coordinate_transformer.cpp:80:1:[m[K [01;31m[Kerror: [m[Ktemplate argument 1 is invalid
[2.579s]    80 | [01;31m[KTEST_F[m[K(CoordinateTransformerIntegrationTest, TransformTest) {
[2.579s]       | [01;31m[K^~~~~~[m[K
[2.594s] [01m[K/home/user/ros2_ws/src/coordinate_transformer/test/test_coordinate_transformer.cpp:80:8:[m[K [01;31m[Kerror: [m[Kâ€˜[01m[KCoordinateTransformerIntegrationTest[m[Kâ€™ was not declared in this scope; did you mean â€˜[01m[KCoordinateTransformerTest[m[Kâ€™?
[2.594s]    80 | TEST_F([01;31m[KCoordinateTransformerIntegrationTest[m[K, TransformTest) {
[2.594s]       |        [01;31m[K^~~~~~~~~~~~~~~~~~~~~~~~~~~~~~~~~~~~[m[K
[2.595s] [01m[K/home/user/ros2_ws/src/coordinate_transformer/test/test_coordinate_transformer.cpp:80:1:[m[K [01;31m[Kerror: [m[Ktemplate argument 1 is invalid
[2.595s]    80 | [01;31m[KTEST_F[m[K(CoordinateTransformerIntegrationTest, TransformTest) {
[2.595s]       | [01;31m[K^~~~~~[m[K
[2.610s] [01m[K/home/user/ros2_ws/src/coordinate_transformer/test/test_coordinate_transformer.cpp:80:8:[m[K [01;31m[Kerror: [m[Kâ€˜[01m[KCoordinateTransformerIntegrationTest[m[Kâ€™ was not declared in this scope; did you mean â€˜[01m[KCoordinateTransformerTest[m[Kâ€™?
[2.610s]    80 | TEST_F([01;31m[KCoordinateTransformerIntegrationTest[m[K, TransformTest) {
[2.610s]       |        [01;31m[K^~~~~~~~~~~~~~~~~~~~~~~~~~~~~~~~~~~~[m[K
[2.610s] [01m[K/home/user/ros2_ws/src/coordinate_transformer/test/test_coordinate_transformer.cpp:80:1:[m[K [01;31m[Kerror: [m[Ktemplate argument 1 is invalid
[2.610s]    80 | [01;31m[KTEST_F[m[K(CoordinateTransformerIntegrationTest, TransformTest) {
[2.610s]       | [01;31m[K^~~~~~[m[K
[2.611s] [01m[K/home/user/ros2_ws/src/coordinate_transformer/test/test_coordinate_transformer.cpp:[m[K In member function â€˜[01m[Kvoid CoordinateTransformerIntegrationTest_TransformTest_Test::[01;32m[KTestBody[m[K()[m[Kâ€™:
[2.611s] [01m[K/home/user/ros2_ws/src/coordinate_transformer/test/test_coordinate_transformer.cpp:86:13:[m[K [01;31m[Kerror: [m[Kno matching function for call to â€˜[01m[KtoMsg(tf2::Transform&, geometry_msgs::msg::TransformStamped&)[m[Kâ€™
[2.611s]    86 |   [01;31m[Ktf2::toMsg(transform, tf_msg)[m[K;
[2.611s]       |   [01;31m[K~~~~~~~~~~^~~~~~~~~~~~~~~~~~~[m[K
[2.612s] In file included from [01m[K/home/user/ros2_ws/src/coordinate_transformer/include/coordinate_transformer/coordinate_transformer.hpp:12[m[K,
[2.612s]                  from [01m[K/home/user/ros2_ws/src/coordinate_transformer/test/test_coordinate_transformer.cpp:5[m[K:
[2.612s] [01m[K/opt/ros/jazzy/include/tf2_geometry_msgs/tf2_geometry_msgs/tf2_geometry_msgs.hpp:1296:6:[m[K [01;36m[Knote: [m[Kcandidate: â€˜[01m[Kvoid tf2::[01;32m[KtoMsg[m[K(const Transform&, geometry_msgs::msg::Pose&)[m[Kâ€™
[2.612s]  1296 | void [01;36m[KtoMsg[m[K(const tf2::Transform & in, geometry_msgs::msg::Pose & out)
[2.612s]       |      [01;36m[K^~~~~[m[K
[2.612s] [01m[K/opt/ros/jazzy/include/tf2_geometry_msgs/tf2_geometry_msgs/tf2_geometry_msgs.hpp:1296:66:[m[K [01;36m[Knote: [m[K  no known conversion for argument 2 from â€˜[01m[Kgeometry_msgs::msg::TransformStamped[m[Kâ€™ {aka â€˜[01m[Kgeometry_msgs::msg::TransformStamped_<std::allocator<void> >[m[Kâ€™} to â€˜[01m[Kgeometry_msgs::msg::Pose&[m[Kâ€™ {aka â€˜[01m[Kgeometry_msgs::msg::Pose_<std::allocator<void> >&[m[Kâ€™}
[2.612s]  1296 | (const tf2::Transform & in, [01;36m[Kgeometry_msgs::msg::Pose & out[m[K)
[2.612s]       |                             [01;36m[K~~~~~~~~~~~~~~~~~~~~~~~~~~~^~~[m[K
[2.612s] 
[2.612s] [01m[K/opt/ros/jazzy/include/tf2_geometry_msgs/tf2_geometry_msgs/tf2_geometry_msgs.hpp:1076:6:[m[K [01;36m[Knote: [m[Kcandidate: â€˜[01m[Kvoid tf2::[01;32m[KtoMsg[m[K(const Transform&, geometry_msgs::msg::Transform&)[m[Kâ€™
[2.612s]  1076 | void [01;36m[KtoMsg[m[K(const tf2::Transform & in, geometry_msgs::msg::Transform & out)
[2.613s]       |      [01;36m[K^~~~~[m[K
[2.613s] [01m[K/opt/ros/jazzy/include/tf2_geometry_msgs/tf2_geometry_msgs/tf2_geometry_msgs.hpp:1076:71:[m[K [01;36m[Knote: [m[K  no known conversion for argument 2 from â€˜[01m[Kgeometry_msgs::msg::TransformStamped[m[Kâ€™ {aka â€˜[01m[Kgeometry_msgs::msg::TransformStamped_<std::allocator<void> >[m[Kâ€™} to â€˜[01m[Kgeometry_msgs::msg::Transform&[m[Kâ€™ {aka â€˜[01m[Kgeometry_msgs::msg::Transform_<std::allocator<void> >&[m[Kâ€™}
[2.613s]  1076 | t tf2::Transform & in, [01;36m[Kgeometry_msgs::msg::Transform & out[m[K)
[2.613s]       |                        [01;36m[K~~~~~~~~~~~~~~~~~~~~~~~~~~~~~~~~^~~[m[K
[2.613s] 
[2.613s] In file included from [01m[K/opt/ros/jazzy/include/tf2_geometry_msgs/tf2_geometry_msgs/tf2_geometry_msgs.hpp:56[m[K:
[2.613s] [01m[K/opt/ros/jazzy/include/tf2/tf2/convert.hpp:129:3:[m[K [01;36m[Knote: [m[Kcandidate: â€˜[01m[Ktemplate<class A, class B> B tf2::[01;32m[KtoMsg[m[K(const A&)[m[Kâ€™
[2.613s]   129 | B [01;36m[KtoMsg[m[K(const A & a);
[2.613s]       |   [01;36m[K^~~~~[m[K
[2.613s] [01m[K/opt/ros/jazzy/include/tf2/tf2/convert.hpp:129:3:[m[K [01;36m[Knote: [m[K  template argument deduction/substitution failed:
[2.613s] [01m[K/home/user/ros2_ws/src/coordinate_transformer/test/test_coordinate_transformer.cpp:86:13:[m[K [01;36m[Knote: [m[K  candidate expects 1 argument, 2 provided
[2.613s]    86 |   [01;36m[Ktf2::toMsg(transform, tf_msg)[m[K;
[2.614s]       |   [01;36m[K~~~~~~~~~~^~~~~~~~~~~~~~~~~~~[m[K
[2.614s] [01m[K/opt/ros/jazzy/include/tf2_geometry_msgs/tf2_geometry_msgs/tf2_geometry_msgs.hpp:110:29:[m[K [01;36m[Knote: [m[Kcandidate: â€˜[01m[Kgeometry_msgs::msg::Vector3 tf2::[01;32m[KtoMsg[m[K(const Vector3&)[m[Kâ€™
[2.614s]   110 | geometry_msgs::msg::Vector3 [01;36m[KtoMsg[m[K(const tf2::Vector3 & in)
[2.614s]       |                             [01;36m[K^~~~~[m[K
[2.614s] [01m[K/opt/ros/jazzy/include/tf2_geometry_msgs/tf2_geometry_msgs/tf2_geometry_msgs.hpp:110:29:[m[K [01;36m[Knote: [m[K  candidate expects 1 argument, 2 provided
[2.614s] [01m[K/opt/ros/jazzy/include/tf2_geometry_msgs/tf2_geometry_msgs/tf2_geometry_msgs.hpp:182:36:[m[K [01;36m[Knote: [m[Kcandidate: â€˜[01m[Kgeometry_msgs::msg::Vector3Stamped tf2::[01;32m[KtoMsg[m[K(const geometry_msgs::msg::Vector3Stamped&)[m[Kâ€™
[2.614s]   182 | geometry_msgs::msg::Vector3Stamped [01;36m[KtoMsg[m[K(const geometry_msgs::msg::Vector3Stamped & in)
[2.614s]       |                                    [01;36m[K^~~~~[m[K
[2.614s] [01m[K/opt/ros/jazzy/include/tf2_geometry_msgs/tf2_geometry_msgs/tf2_geometry_msgs.hpp:182:36:[m[K [01;36m[Knote: [m[K  candidate expects 1 argument, 2 provided
[2.614s] [01m[K/opt/ros/jazzy/include/tf2_geometry_msgs/tf2_geometry_msgs/tf2_geometry_msgs.hpp:230:29:[m[K [01;36m[Knote: [m[Kcandidate: â€˜[01m[Kgeometry_msgs::msg::Point& tf2::[01;32m[KtoMsg[m[K(const Vector3&, geometry_msgs::msg::Point&)[m[Kâ€™
[2.614s]   230 | geometry_msgs::msg::Point & [01;36m[KtoMsg[m[K(const tf2::Vector3 & in, geometry_msgs::msg::Point & out)
[2.614s]       |                             [01;36m[K^~~~~[m[K
[2.614s] [01m[K/opt/ros/jazzy/include/tf2_geometry_msgs/tf2_geometry_msgs/tf2_geometry_msgs.hpp:230:56:[m[K [01;36m[Knote: [m[K  no known conversion for argument 1 from â€˜[01m[Ktf2::Transform[m[Kâ€™ to â€˜[01m[Kconst tf2::Vector3&[m[Kâ€™
[2.615s]   230 | y_msgs::msg::Point & toMsg([01;36m[Kconst tf2::Vector3 & in[m[K, geometry_msgs::msg::Point & out)
[2.615s]       |                            [01;36m[K~~~~~~~~~~~~~~~~~~~~~^~[m[K
[2.615s] 
[2.615s] [01m[K/opt/ros/jazzy/include/tf2_geometry_msgs/tf2_geometry_msgs/tf2_geometry_msgs.hpp:278:31:[m[K [01;36m[Knote: [m[Kcandidate: â€˜[01m[Kgeometry_msgs::msg::Point32& tf2::[01;32m[KtoMsg[m[K(const Vector3&, geometry_msgs::msg::Point32&)[m[Kâ€™
[2.615s]   278 | geometry_msgs::msg::Point32 & [01;36m[KtoMsg[m[K(const tf2::Vector3 & in, geometry_msgs::msg::Point32 & out)
[2.615s]       |                               [01;36m[K^~~~~[m[K
[2.615s] [01m[K/opt/ros/jazzy/include/tf2_geometry_msgs/tf2_geometry_msgs/tf2_geometry_msgs.hpp:278:58:[m[K [01;36m[Knote: [m[K  no known conversion for argument 1 from â€˜[01m[Ktf2::Transform[m[Kâ€™ to â€˜[01m[Kconst tf2::Vector3&[m[Kâ€™
[2.615s]   278 | msgs::msg::Point32 & toMsg([01;36m[Kconst tf2::Vector3 & in[m[K, geometry_msgs::msg::Point32 & out)
[2.615s]       |                            [01;36m[K~~~~~~~~~~~~~~~~~~~~~^~[m[K
[2.615s] 
[2.615s] [01m[K/opt/ros/jazzy/include/tf2_geometry_msgs/tf2_geometry_msgs/tf2_geometry_msgs.hpp:353:34:[m[K [01;36m[Knote: [m[Kcandidate: â€˜[01m[Kgeometry_msgs::msg::PointStamped tf2::[01;32m[KtoMsg[m[K(const geometry_msgs::msg::PointStamped&)[m[Kâ€™
[2.615s]   353 | geometry_msgs::msg::PointStamped [01;36m[KtoMsg[m[K(const geometry_msgs::msg::PointStamped & in)
[2.615s]       |                                  [01;36m[K^~~~~[m[K
[2.615s] [01m[K/opt/ros/jazzy/include/tf2_geometry_msgs/tf2_geometry_msgs/tf2_geometry_msgs.hpp:353:34:[m[K [01;36m[Knote: [m[K  candidate expects 1 argument, 2 provided
[2.616s] [01m[K/opt/ros/jazzy/include/tf2_geometry_msgs/tf2_geometry_msgs/tf2_geometry_msgs.hpp:433:33:[m[K [01;36m[Knote: [m[Kcandidate: â€˜[01m[Kgeometry_msgs::msg::PoseStamped tf2::[01;32m[KtoMsg[m[K(const geometry_msgs::msg::PoseStamped&)[m[Kâ€™
[2.616s]   433 | geometry_msgs::msg::PoseStamped [01;36m[KtoMsg[m[K(const geometry_msgs::msg::PoseStamped & in)
[2.616s]       |                                 [01;36m[K^~~~~[m[K
[2.616s] [01m[K/opt/ros/jazzy/include/tf2_geometry_msgs/tf2_geometry_msgs/tf2_geometry_msgs.hpp:433:33:[m[K [01;36m[Knote: [m[K  candidate expects 1 argument, 2 provided
[2.616s] [01m[K/opt/ros/jazzy/include/tf2_geometry_msgs/tf2_geometry_msgs/tf2_geometry_msgs.hpp:480:29:[m[K [01;36m[Knote: [m[Kcandidate: â€˜[01m[Kgeometry_msgs::msg::Polygon tf2::[01;32m[KtoMsg[m[K(const geometry_msgs::msg::Polygon&)[m[Kâ€™
[2.616s]   480 | geometry_msgs::msg::Polygon [01;36m[KtoMsg[m[K(const geometry_msgs::msg::Polygon & in)
[2.616s]       |                             [01;36m[K^~~~~[m[K
[2.616s] [01m[K/opt/ros/jazzy/include/tf2_geometry_msgs/tf2_geometry_msgs/tf2_geometry_msgs.hpp:480:29:[m[K [01;36m[Knote: [m[K  candidate expects 1 argument, 2 provided
[2.616s] [01m[K/opt/ros/jazzy/include/tf2_geometry_msgs/tf2_geometry_msgs/tf2_geometry_msgs.hpp:551:36:[m[K [01;36m[Knote: [m[Kcandidate: â€˜[01m[Kgeometry_msgs::msg::PolygonStamped tf2::[01;32m[KtoMsg[m[K(const geometry_msgs::msg::PolygonStamped&)[m[Kâ€™
[2.616s]   551 | geometry_msgs::msg::PolygonStamped [01;36m[KtoMsg[m[K(const geometry_msgs::msg::PolygonStamped & in)
[2.616s]       |                                    [01;36m[K^~~~~[m[K
[2.616s] [01m[K/opt/ros/jazzy/include/tf2_geometry_msgs/tf2_geometry_msgs/tf2_geometry_msgs.hpp:551:36:[m[K [01;36m[Knote: [m[K  candidate expects 1 argument, 2 provided
[2.616s] [01m[K/opt/ros/jazzy/include/tf2_geometry_msgs/tf2_geometry_msgs/tf2_geometry_msgs.hpp:724:40:[m[K [01;36m[Knote: [m[Kcandidate: â€˜[01m[Kgeometry_msgs::msg::PoseWithCovariance tf2::[01;32m[KtoMsg[m[K(const geometry_msgs::msg::PoseWithCovariance&)[m[Kâ€™
[2.617s]   724 | geometry_msgs::msg::PoseWithCovariance [01;36m[KtoMsg[m[K(const geometry_msgs::msg::PoseWithCovariance & in)
[2.617s]       |                                        [01;36m[K^~~~~[m[K
[2.617s] [01m[K/opt/ros/jazzy/include/tf2_geometry_msgs/tf2_geometry_msgs/tf2_geometry_msgs.hpp:724:40:[m[K [01;36m[Knote: [m[K  candidate expects 1 argument, 2 provided
[2.617s] [01m[K/opt/ros/jazzy/include/tf2_geometry_msgs/tf2_geometry_msgs/tf2_geometry_msgs.hpp:823:47:[m[K [01;36m[Knote: [m[Kcandidate: â€˜[01m[Kgeometry_msgs::msg::PoseWithCovarianceStamped tf2::[01;32m[KtoMsg[m[K(const geometry_msgs::msg::PoseWithCovarianceStamped&)[m[Kâ€™
[2.617s]   823 | geometry_msgs::msg::PoseWithCovarianceStamped [01;36m[KtoMsg[m[K(
[2.617s]       |                                               [01;36m[K^~~~~[m[K
[2.617s] [01m[K/opt/ros/jazzy/include/tf2_geometry_msgs/tf2_geometry_msgs/tf2_geometry_msgs.hpp:823:47:[m[K [01;36m[Knote: [m[K  candidate expects 1 argument, 2 provided
[2.617s] [01m[K/opt/ros/jazzy/include/tf2_geometry_msgs/tf2_geometry_msgs/tf2_geometry_msgs.hpp:919:32:[m[K [01;36m[Knote: [m[Kcandidate: â€˜[01m[Kgeometry_msgs::msg::Quaternion tf2::[01;32m[KtoMsg[m[K(const Quaternion&)[m[Kâ€™
[2.617s]   919 | geometry_msgs::msg::Quaternion [01;36m[KtoMsg[m[K(const tf2::Quaternion & in)
[2.617s]       |                                [01;36m[K^~~~~[m[K
[2.617s] [01m[K/opt/ros/jazzy/include/tf2_geometry_msgs/tf2_geometry_msgs/tf2_geometry_msgs.hpp:919:32:[m[K [01;36m[Knote: [m[K  candidate expects 1 argument, 2 provided
[2.617s] [01m[K/opt/ros/jazzy/include/tf2_geometry_msgs/tf2_geometry_msgs/tf2_geometry_msgs.hpp:998:39:[m[K [01;36m[Knote: [m[Kcandidate: â€˜[01m[Kgeometry_msgs::msg::QuaternionStamped tf2::[01;32m[KtoMsg[m[K(const geometry_msgs::msg::QuaternionStamped&)[m[Kâ€™
[2.617s]   998 | geometry_msgs::msg::QuaternionStamped [01;36m[KtoMsg[m[K(const geometry_msgs::msg::QuaternionStamped & in)
[2.618s]       |                                       [01;36m[K^~~~~[m[K
[2.618s] [01m[K/opt/ros/jazzy/include/tf2_geometry_msgs/tf2_geometry_msgs/tf2_geometry_msgs.hpp:998:39:[m[K [01;36m[Knote: [m[K  candidate expects 1 argument, 2 provided
[2.618s] [01m[K/opt/ros/jazzy/include/tf2_geometry_msgs/tf2_geometry_msgs/tf2_geometry_msgs.hpp:1022:39:[m[K [01;36m[Knote: [m[Kcandidate: â€˜[01m[Kgeometry_msgs::msg::QuaternionStamped tf2::[01;32m[KtoMsg[m[K(const Stamped<Quaternion>&)[m[Kâ€™
[2.618s]  1022 | geometry_msgs::msg::QuaternionStamped [01;36m[KtoMsg[m[K(const tf2::Stamped<tf2::Quaternion> & in)
[2.618s]       |                                       [01;36m[K^~~~~[m[K
[2.618s] [01m[K/opt/ros/jazzy/include/tf2_geometry_msgs/tf2_geometry_msgs/tf2_geometry_msgs.hpp:1022:39:[m[K [01;36m[Knote: [m[K  candidate expects 1 argument, 2 provided
[2.618s] [01m[K/opt/ros/jazzy/include/tf2_geometry_msgs/tf2_geometry_msgs/tf2_geometry_msgs.hpp:1060:31:[m[K [01;36m[Knote: [m[Kcandidate: â€˜[01m[Kgeometry_msgs::msg::Transform tf2::[01;32m[KtoMsg[m[K(const Transform&)[m[Kâ€™
[2.618s]  1060 | geometry_msgs::msg::Transform [01;36m[KtoMsg[m[K(const tf2::Transform & in)
[2.618s]       |                               [01;36m[K^~~~~[m[K
[2.618s] [01m[K/opt/ros/jazzy/include/tf2_geometry_msgs/tf2_geometry_msgs/tf2_geometry_msgs.hpp:1060:31:[m[K [01;36m[Knote: [m[K  candidate expects 1 argument, 2 provided
[2.618s] [01m[K/opt/ros/jazzy/include/tf2_geometry_msgs/tf2_geometry_msgs/tf2_geometry_msgs.hpp:1187:38:[m[K [01;36m[Knote: [m[Kcandidate: â€˜[01m[Kgeometry_msgs::msg::TransformStamped tf2::[01;32m[KtoMsg[m[K(const geometry_msgs::msg::TransformStamped&)[m[Kâ€™
[2.619s]  1187 | geometry_msgs::msg::TransformStamped [01;36m[KtoMsg[m[K(const geometry_msgs::msg::TransformStamped & in)
[2.619s]       |                                      [01;36m[K^~~~~[m[K
[2.619s] [01m[K/opt/ros/jazzy/include/tf2_geometry_msgs/tf2_geometry_msgs/tf2_geometry_msgs.hpp:1187:38:[m[K [01;36m[Knote: [m[K  candidate expects 1 argument, 2 provided
[2.619s] [01m[K/opt/ros/jazzy/include/tf2_geometry_msgs/tf2_geometry_msgs/tf2_geometry_msgs.hpp:1226:38:[m[K [01;36m[Knote: [m[Kcandidate: â€˜[01m[Kgeometry_msgs::msg::TransformStamped tf2::[01;32m[KtoMsg[m[K(const Stamped<Transform>&)[m[Kâ€™
[2.619s]  1226 | geometry_msgs::msg::TransformStamped [01;36m[KtoMsg[m[K(const tf2::Stamped<tf2::Transform> & in)
[2.619s]       |                                      [01;36m[K^~~~~[m[K
[2.619s] [01m[K/opt/ros/jazzy/include/tf2_geometry_msgs/tf2_geometry_msgs/tf2_geometry_msgs.hpp:1226:38:[m[K [01;36m[Knote: [m[K  candidate expects 1 argument, 2 provided
[2.619s] [01m[K/opt/ros/jazzy/include/tf2_geometry_msgs/tf2_geometry_msgs/tf2_geometry_msgs.hpp:1275:26:[m[K [01;36m[Knote: [m[Kcandidate: â€˜[01m[Kgeometry_msgs::msg::Pose tf2::[01;32m[KtoMsg[m[K(const geometry_msgs::msg::Pose&)[m[Kâ€™
[2.619s]  1275 | geometry_msgs::msg::Pose [01;36m[KtoMsg[m[K(const geometry_msgs::msg::Pose & in)
[2.619s]       |                          [01;36m[K^~~~~[m[K
[2.619s] [01m[K/opt/ros/jazzy/include/tf2_geometry_msgs/tf2_geometry_msgs/tf2_geometry_msgs.hpp:1275:26:[m[K [01;36m[Knote: [m[K  candidate expects 1 argument, 2 provided
[2.620s] [01m[K/opt/ros/jazzy/include/tf2_geometry_msgs/tf2_geometry_msgs/tf2_geometry_msgs.hpp:1452:35:[m[K [01;36m[Knote: [m[Kcandidate: â€˜[01m[Kgeometry_msgs::msg::WrenchStamped tf2::[01;32m[KtoMsg[m[K(const geometry_msgs::msg::WrenchStamped&)[m[Kâ€™
[2.620s]  1452 | geometry_msgs::msg::WrenchStamped [01;36m[KtoMsg[m[K(const geometry_msgs::msg::WrenchStamped & in)
[2.620s]       |                                   [01;36m[K^~~~~[m[K
[2.620s] [01m[K/opt/ros/jazzy/include/tf2_geometry_msgs/tf2_geometry_msgs/tf2_geometry_msgs.hpp:1452:35:[m[K [01;36m[Knote: [m[K  candidate expects 1 argument, 2 provided
[2.620s] [01m[K/home/user/ros2_ws/src/coordinate_transformer/test/test_coordinate_transformer.cpp:88:3:[m[K [01;31m[Kerror: [m[Kâ€˜[01m[Ktransformer[m[Kâ€™ was not declared in this scope; did you mean â€˜[01m[Ktransform[m[Kâ€™?
[2.620s]    88 |   [01;31m[Ktransformer[m[K->addTransform(tf_msg);
[2.620s]       |   [01;31m[K^~~~~~~~~~~[m[K
[2.620s]       |   [32m[Ktransform[m[K
[3.285s] /opt/ros/jazzy/src/gtest_vendor/include/gtest/internal/gtest-internal.h: In instantiation of â€˜[01m[Ktesting::Test* testing::internal::TestFactoryImpl<TestClass>::[01;32m[KCreateTest[m[K() [35m[K[with TestClass = CoordinateTransformerIntegrationTest_TransformTest_Test][m[K[m[Kâ€™:
[3.285s] [01m[K/opt/ros/jazzy/src/gtest_vendor/include/gtest/internal/gtest-internal.h:457:9:[m[K   required from here
[3.285s] [01m[K/opt/ros/jazzy/src/gtest_vendor/include/gtest/internal/gtest-internal.h:457:44:[m[K [01;31m[Kerror: [m[Kcannot convert â€˜[01m[KCoordinateTransformerIntegrationTest_TransformTest_Test*[m[Kâ€™ to â€˜[01m[Ktesting::Test*[m[Kâ€™ in return
[3.285s]   457 |   Test* CreateTest() override { return new [01;31m[KTestClass[m[K; }
[3.285s]       |                                            [01;31m[K^~~~~~~~~[m[K
[3.420s] gmake[2]: *** [CMakeFiles/test_coordinate_transformer.dir/build.make:76: CMakeFiles/test_coordinate_transformer.dir/test/test_coordinate_transformer.cpp.o] ÐžÑˆÐ¸Ð±ÐºÐ° 1
[3.421s] gmake[1]: *** [CMakeFiles/Makefile2:185: CMakeFiles/test_coordinate_transformer.dir/all] ÐžÑˆÐ¸Ð±ÐºÐ° 2
[3.421s] gmake: *** [Makefile:146: all] ÐžÑˆÐ¸Ð±ÐºÐ° 2
[3.425s] Invoked command in '/home/user/ros2_ws/build/coordinate_transformer' returned '2': DEBUGINFOD_URLS=https://debuginfod.ubuntu.com /usr/bin/cmake --build /home/user/ros2_ws/build/coordinate_transformer -- -j12 -l12
