<?xml version="1.0" encoding="UTF-8"?>
<Site BuildName="(empty)"
	BuildStamp="20250410-1650-Experimental"
	Name="user-pc"
	Generator="ctest-3.28.3"
	CompilerName="/usr/bin/c++"
	CompilerVersion="13.3.0"
	OSName="Linux"
	Hostname="user-pc"
	OSRelease="6.11.0-21-generic"
	OSVersion="#21~24.04.1-Ubuntu SMP PREEMPT_DYNAMIC Mon Feb 24 16:52:15 UTC 2"
	OSPlatform="x86_64"
	Is64Bits="1"
	VendorString="AuthenticAMD"
	VendorID="Advanced Micro Devices"
	FamilyID="23"
	ModelID="104"
	ProcessorCacheSize="512"
	NumberOfLogicalCPU="12"
	NumberOfPhysicalCPU="6"
	TotalVirtualMemory="4095"
	TotalPhysicalMemory="9787"
	LogicalProcessorsPerPhysical="2"
	ProcessorClockFrequency="1559.89"
	>
	<Testing>
		<StartDateTime>Apr 10 21:50 +05</StartDateTime>
		<StartTestTime>1744303856</StartTestTime>
		<TestList>
			<Test>./test_coordinate_transformer</Test>
		</TestList>
		<Test Status="failed">
			<Name>test_coordinate_transformer</Name>
			<Path>.</Path>
			<FullName>./test_coordinate_transformer</FullName>
			<FullCommandLine>/usr/bin/python3 "-u" "/opt/ros/jazzy/share/ament_cmake_test/cmake/run_test.py" "/home/user/ros2_ws/build/coordinate_transformer/test_results/coordinate_transformer/test_coordinate_transformer.gtest.xml" "--package-name" "coordinate_transformer" "--output-file" "/home/user/ros2_ws/build/coordinate_transformer/ament_cmake_gtest/test_coordinate_transformer.txt" "--command" "/home/user/ros2_ws/build/coordinate_transformer/test_coordinate_transformer" "--gtest_output=xml:/home/user/ros2_ws/build/coordinate_transformer/test_results/coordinate_transformer/test_coordinate_transformer.gtest.xml"</FullCommandLine>
			<Results>
				<NamedMeasurement type="text/string" name="Exit Code">
					<Value>Failed</Value>
				</NamedMeasurement>
				<NamedMeasurement type="text/string" name="Exit Value">
					<Value>1</Value>
				</NamedMeasurement>
				<NamedMeasurement type="numeric/double" name="Execution Time">
					<Value>0.272237</Value>
				</NamedMeasurement>
				<NamedMeasurement type="numeric/double" name="Processors">
					<Value>1</Value>
				</NamedMeasurement>
				<NamedMeasurement type="text/string" name="Completion Status">
					<Value>Completed</Value>
				</NamedMeasurement>
				<NamedMeasurement type="text/string" name="Command Line">
					<Value>/usr/bin/python3 "-u" "/opt/ros/jazzy/share/ament_cmake_test/cmake/run_test.py" "/home/user/ros2_ws/build/coordinate_transformer/test_results/coordinate_transformer/test_coordinate_transformer.gtest.xml" "--package-name" "coordinate_transformer" "--output-file" "/home/user/ros2_ws/build/coordinate_transformer/ament_cmake_gtest/test_coordinate_transformer.txt" "--command" "/home/user/ros2_ws/build/coordinate_transformer/test_coordinate_transformer" "--gtest_output=xml:/home/user/ros2_ws/build/coordinate_transformer/test_results/coordinate_transformer/test_coordinate_transformer.gtest.xml"</Value>
				</NamedMeasurement>
				<NamedMeasurement type="text/string" name="Environment">
					<Value>#CTEST_RESOURCE_GROUP_COUNT=</Value>
				</NamedMeasurement>
				<Measurement>
					<Value>-- run_test.py: invoking following command in '/home/user/ros2_ws/build/coordinate_transformer':
 - /home/user/ros2_ws/build/coordinate_transformer/test_coordinate_transformer --gtest_output=xml:/home/user/ros2_ws/build/coordinate_transformer/test_results/coordinate_transformer/test_coordinate_transformer.gtest.xml
[==========] Running 6 tests from 1 test suite.
[----------] Global test environment set-up.
[----------] 6 tests from CoordinateTransformerTest
[ RUN      ] CoordinateTransformerTest.ConvertSuccess
unknown file: Failure
C++ exception with description "context is already initialized" thrown in SetUp().

[  FAILED  ] CoordinateTransformerTest.ConvertSuccess (0 ms)
[ RUN      ] CoordinateTransformerTest.OutOfBounds
[       OK ] CoordinateTransformerTest.OutOfBounds (17 ms)
[ RUN      ] CoordinateTransformerTest.TransformNotFound
[ERROR] [1744303856.920437009] [test_node]: Transform nonexistent_frame-&gt;frameB not found
[       OK ] CoordinateTransformerTest.TransformNotFound (7 ms)
[ RUN      ] CoordinateTransformerTest.SameFrame
[ERROR] [1744303856.928064942] [test_node]: Transform frameA-&gt;frameA not found
/home/user/ros2_ws/src/coordinate_transformer/test/test_coordinate_transformer.cpp:105: Failure
Expected equality of these values:
  status
    Which is: 4-byte object &lt;02-00 00-00&gt;
  ResultStatus::SUCCESS
    Which is: 4-byte object &lt;00-00 00-00&gt;

/home/user/ros2_ws/src/coordinate_transformer/test/test_coordinate_transformer.cpp:106: Failure
Expected equality of these values:
  output.header.frame_id
    Which is: ""
  "frameA"

/home/user/ros2_ws/src/coordinate_transformer/test/test_coordinate_transformer.cpp:107: Failure
Expected equality of these values:
  output.pose.position.x
    Which is: 0
  1.0
    Which is: 1

/home/user/ros2_ws/src/coordinate_transformer/test/test_coordinate_transformer.cpp:108: Failure
Expected equality of these values:
  output.pose.position.y
    Which is: 0
  2.0
    Which is: 2

/home/user/ros2_ws/src/coordinate_transformer/test/test_coordinate_transformer.cpp:109: Failure
Expected equality of these values:
  output.pose.position.z
    Which is: 0
  3.0
    Which is: 3

[  FAILED  ] CoordinateTransformerTest.SameFrame (7 ms)
[ RUN      ] CoordinateTransformerTest.SourceFrameNotFound
[ERROR] [1744303856.935620624] [test_node]: Transform nonexistent_frame-&gt;frameB not found
[       OK ] CoordinateTransformerTest.SourceFrameNotFound (7 ms)
[ RUN      ] CoordinateTransformerTest.TargetFrameNotFound
[ERROR] [1744303856.942908966] [test_node]: Transform frameA-&gt;nonexistent_frame not found
[       OK ] CoordinateTransformerTest.TargetFrameNotFound (7 ms)
[----------] 6 tests from CoordinateTransformerTest (48 ms total)

[----------] Global test environment tear-down
[==========] 6 tests from 1 test suite ran. (48 ms total)
[  PASSED  ] 4 tests.
[  FAILED  ] 2 tests, listed below:
[  FAILED  ] CoordinateTransformerTest.ConvertSuccess
[  FAILED  ] CoordinateTransformerTest.SameFrame

 2 FAILED TESTS
-- run_test.py: return code 1
-- run_test.py: inject classname prefix into gtest result file '/home/user/ros2_ws/build/coordinate_transformer/test_results/coordinate_transformer/test_coordinate_transformer.gtest.xml'
-- run_test.py: verify result file '/home/user/ros2_ws/build/coordinate_transformer/test_results/coordinate_transformer/test_coordinate_transformer.gtest.xml'
</Value>
				</Measurement>
			</Results>
			<Labels>
				<Label>gtest</Label>
			</Labels>
		</Test>
		<EndDateTime>Apr 10 21:50 +05</EndDateTime>
		<EndTestTime>1744303857</EndTestTime>
		<ElapsedMinutes>0</ElapsedMinutes>
	</Testing>
</Site>
