[0.017s] Invoking command in '/home/user/ros2_ws/build/coordinate_transformer': DEBUGINFOD_URLS=https://debuginfod.ubuntu.com /usr/bin/cmake /home/user/ros2_ws/src/coordinate_transformer -DCATKIN_INSTALL_INTO_PREFIX_ROOT=0 -DCMAKE_INSTALL_PREFIX=/home/user/ros2_ws/install/coordinate_transformer
[0.100s] -- The C compiler identification is GNU 13.3.0
[0.168s] -- The CXX compiler identification is GNU 13.3.0
[0.197s] -- Detecting C compiler ABI info
[0.341s] -- Detecting C compiler ABI info - done
[0.350s] -- Check for working C compiler: /usr/bin/cc - skipped
[0.351s] -- Detecting C compile features
[0.351s] -- Detecting C compile features - done
[0.365s] -- Detecting CXX compiler ABI info
[0.520s] -- Detecting CXX compiler ABI info - done
[0.529s] -- Check for working CXX compiler: /usr/bin/c++ - skipped
[0.529s] -- Detecting CXX compile features
[0.529s] -- Detecting CXX compile features - done
[0.541s] -- Found ament_cmake: 2.5.3 (/opt/ros/jazzy/share/ament_cmake/cmake)
[0.807s] -- Found Python3: /usr/bin/python3 (found version "3.12.3") found components: Interpreter 
[1.035s] -- Found rclcpp: 28.1.8 (/opt/ros/jazzy/share/rclcpp/cmake)
[1.156s] -- Found rosidl_generator_c: 4.6.5 (/opt/ros/jazzy/share/rosidl_generator_c/cmake)
[1.195s] -- Found rosidl_generator_cpp: 4.6.5 (/opt/ros/jazzy/share/rosidl_generator_cpp/cmake)
[1.240s] -- Using all available rosidl_typesupport_c: rosidl_typesupport_fastrtps_c;rosidl_typesupport_introspection_c
[1.289s] -- Using all available rosidl_typesupport_cpp: rosidl_typesupport_fastrtps_cpp;rosidl_typesupport_introspection_cpp
[1.456s] -- Found rmw_implementation_cmake: 7.3.2 (/opt/ros/jazzy/share/rmw_implementation_cmake/cmake)
[1.471s] -- Found rmw_fastrtps_cpp: 8.4.2 (/opt/ros/jazzy/share/rmw_fastrtps_cpp/cmake)
[1.659s] -- Found OpenSSL: /usr/lib/x86_64-linux-gnu/libcrypto.so (found version "3.0.13")  
[1.689s] -- Found FastRTPS: /opt/ros/jazzy/include (Required is at least version "2.13") 
[1.722s] -- Using RMW implementation 'rmw_fastrtps_cpp' as default
[1.862s] -- Found geometry_msgs: 5.3.6 (/opt/ros/jazzy/share/geometry_msgs/cmake)
[1.914s] -- Found tf2: 0.36.9 (/opt/ros/jazzy/share/tf2/cmake)
[1.928s] -- Found tf2_ros: 0.36.9 (/opt/ros/jazzy/share/tf2_ros/cmake)
[2.154s] -- Found tf2_geometry_msgs: 0.36.9 (/opt/ros/jazzy/share/tf2_geometry_msgs/cmake)
[2.205s] -- Found eigen3_cmake_module: 0.3.0 (/opt/ros/jazzy/share/eigen3_cmake_module/cmake)
[2.207s] -- Found Eigen3: TRUE (found version "3.4.0") 
[2.207s] -- Ensuring Eigen3 include directory is part of orocos-kdl CMake target
[2.242s] -- Found ament_cmake_gtest: 2.5.3 (/opt/ros/jazzy/share/ament_cmake_gtest/cmake)
[2.253s] -- Found gtest sources under '/opt/ros/jazzy/src/gtest_vendor': C++ tests using 'Google Test' will be built
[2.255s] -- Performing Test CMAKE_HAVE_LIBC_PTHREAD
[2.397s] -- Performing Test CMAKE_HAVE_LIBC_PTHREAD - Success
[2.399s] -- Found Threads: TRUE  
[2.506s] -- Configuring done (2.5s)
[2.529s] -- Generating done (0.0s)
[2.531s] [33mCMake Warning:
[2.532s]   Manually-specified variables were not used by the project:
[2.532s] 
[2.532s]     CATKIN_INSTALL_INTO_PREFIX_ROOT
[2.532s] 
[2.532s] [0m
[2.537s] -- Build files have been written to: /home/user/ros2_ws/build/coordinate_transformer
[2.552s] Invoked command in '/home/user/ros2_ws/build/coordinate_transformer' returned '0': DEBUGINFOD_URLS=https://debuginfod.ubuntu.com /usr/bin/cmake /home/user/ros2_ws/src/coordinate_transformer -DCATKIN_INSTALL_INTO_PREFIX_ROOT=0 -DCMAKE_INSTALL_PREFIX=/home/user/ros2_ws/install/coordinate_transformer
[2.554s] Invoking command in '/home/user/ros2_ws/build/coordinate_transformer': DEBUGINFOD_URLS=https://debuginfod.ubuntu.com /usr/bin/cmake --build /home/user/ros2_ws/build/coordinate_transformer -- -j12 -l12
[2.655s] [ 25%] Built target gtest_main
[2.656s] [ 50%] Built target gtest
[2.662s] [ 75%] Built target coordinate_transformer
[2.704s] [ 87%] [32mBuilding CXX object CMakeFiles/test_coordinate_transformer.dir/test/test_coordinate_transformer.cpp.o[0m
[6.105s] [100%] [32m[1mLinking CXX executable test_coordinate_transformer[0m
[6.344s] /usr/bin/ld: libcoordinate_transformer.so: –Ω–µ–æ–ø—Ä–µ–¥–µ–ª—ë–Ω–Ω–∞—è —Å—Å—ã–ª–∫–∞ –Ω–∞ ¬´YAML::detail::node_data::end()¬ª
[6.344s] /usr/bin/ld: libcoordinate_transformer.so: –Ω–µ–æ–ø—Ä–µ–¥–µ–ª—ë–Ω–Ω–∞—è —Å—Å—ã–ª–∫–∞ –Ω–∞ ¬´vtable for YAML::Exception¬ª
[6.345s] /usr/bin/ld: libcoordinate_transformer.so: –Ω–µ–æ–ø—Ä–µ–¥–µ–ª—ë–Ω–Ω–∞—è —Å—Å—ã–ª–∫–∞ –Ω–∞ ¬´YAML::detail::node_data::empty_scalar[abi:cxx11]()¬ª
[6.345s] /usr/bin/ld: libcoordinate_transformer.so: –Ω–µ–æ–ø—Ä–µ–¥–µ–ª—ë–Ω–Ω–∞—è —Å—Å—ã–ª–∫–∞ –Ω–∞ ¬´YAML::detail::node_data::set_null()¬ª
[6.345s] /usr/bin/ld: libcoordinate_transformer.so: –Ω–µ–æ–ø—Ä–µ–¥–µ–ª—ë–Ω–Ω–∞—è —Å—Å—ã–ª–∫–∞ –Ω–∞ ¬´vtable for YAML::BadConversion¬ª
[6.345s] /usr/bin/ld: libcoordinate_transformer.so: –Ω–µ–æ–ø—Ä–µ–¥–µ–ª—ë–Ω–Ω–∞—è —Å—Å—ã–ª–∫–∞ –Ω–∞ ¬´YAML::detail::memory::create_node()¬ª
[6.345s] /usr/bin/ld: libcoordinate_transformer.so: –Ω–µ–æ–ø—Ä–µ–¥–µ–ª—ë–Ω–Ω–∞—è —Å—Å—ã–ª–∫–∞ –Ω–∞ ¬´typeinfo for YAML::BadSubscript¬ª
[6.345s] /usr/bin/ld: libcoordinate_transformer.so: –Ω–µ–æ–ø—Ä–µ–¥–µ–ª—ë–Ω–Ω–∞—è —Å—Å—ã–ª–∫–∞ –Ω–∞ ¬´YAML::detail::node_data::convert_to_map(std::shared_ptr<YAML::detail::memory_holder> const&)¬ª
[6.345s] /usr/bin/ld: libcoordinate_transformer.so: –Ω–µ–æ–ø—Ä–µ–¥–µ–ª—ë–Ω–Ω–∞—è —Å—Å—ã–ª–∫–∞ –Ω–∞ ¬´YAML::BadConversion::~BadConversion()¬ª
[6.346s] /usr/bin/ld: libcoordinate_transformer.so: –Ω–µ–æ–ø—Ä–µ–¥–µ–ª—ë–Ω–Ω–∞—è —Å—Å—ã–ª–∫–∞ –Ω–∞ ¬´vtable for YAML::RepresentationException¬ª
[6.346s] /usr/bin/ld: libcoordinate_transformer.so: –Ω–µ–æ–ø—Ä–µ–¥–µ–ª—ë–Ω–Ω–∞—è —Å—Å—ã–ª–∫–∞ –Ω–∞ ¬´YAML::detail::node_data::mark_defined()¬ª
[6.346s] /usr/bin/ld: libcoordinate_transformer.so: –Ω–µ–æ–ø—Ä–µ–¥–µ–ª—ë–Ω–Ω–∞—è —Å—Å—ã–ª–∫–∞ –Ω–∞ ¬´typeinfo for YAML::InvalidNode¬ª
[6.346s] /usr/bin/ld: libcoordinate_transformer.so: –Ω–µ–æ–ø—Ä–µ–¥–µ–ª—ë–Ω–Ω–∞—è —Å—Å—ã–ª–∫–∞ –Ω–∞ ¬´YAML::detail::node_data::set_scalar(std::__cxx11::basic_string<char, std::char_traits<char>, std::allocator<char> > const&)¬ª
[6.346s] /usr/bin/ld: libcoordinate_transformer.so: –Ω–µ–æ–ø—Ä–µ–¥–µ–ª—ë–Ω–Ω–∞—è —Å—Å—ã–ª–∫–∞ –Ω–∞ ¬´YAML::BadSubscript::~BadSubscript()¬ª
[6.347s] /usr/bin/ld: libcoordinate_transformer.so: –Ω–µ–æ–ø—Ä–µ–¥–µ–ª—ë–Ω–Ω–∞—è —Å—Å—ã–ª–∫–∞ –Ω–∞ ¬´YAML::detail::node_data::insert_map_pair(YAML::detail::node&, YAML::detail::node&)¬ª
[6.347s] /usr/bin/ld: libcoordinate_transformer.so: –Ω–µ–æ–ø—Ä–µ–¥–µ–ª—ë–Ω–Ω–∞—è —Å—Å—ã–ª–∫–∞ –Ω–∞ ¬´YAML::detail::node_data::begin()¬ª
[6.348s] /usr/bin/ld: libcoordinate_transformer.so: –Ω–µ–æ–ø—Ä–µ–¥–µ–ª—ë–Ω–Ω–∞—è —Å—Å—ã–ª–∫–∞ –Ω–∞ ¬´vtable for YAML::BadSubscript¬ª
[6.348s] /usr/bin/ld: libcoordinate_transformer.so: –Ω–µ–æ–ø—Ä–µ–¥–µ–ª—ë–Ω–Ω–∞—è —Å—Å—ã–ª–∫–∞ –Ω–∞ ¬´YAML::detail::memory_holder::merge(YAML::detail::memory_holder&)¬ª
[6.349s] /usr/bin/ld: libcoordinate_transformer.so: –Ω–µ–æ–ø—Ä–µ–¥–µ–ª—ë–Ω–Ω–∞—è —Å—Å—ã–ª–∫–∞ –Ω–∞ ¬´YAML::LoadFile(std::__cxx11::basic_string<char, std::char_traits<char>, std::allocator<char> > const&)¬ª
[6.349s] /usr/bin/ld: libcoordinate_transformer.so: –Ω–µ–æ–ø—Ä–µ–¥–µ–ª—ë–Ω–Ω–∞—è —Å—Å—ã–ª–∫–∞ –Ω–∞ ¬´YAML::InvalidNode::~InvalidNode()¬ª
[6.349s] /usr/bin/ld: libcoordinate_transformer.so: –Ω–µ–æ–ø—Ä–µ–¥–µ–ª—ë–Ω–Ω–∞—è —Å—Å—ã–ª–∫–∞ –Ω–∞ ¬´vtable for YAML::InvalidNode¬ª
[6.349s] /usr/bin/ld: libcoordinate_transformer.so: –Ω–µ–æ–ø—Ä–µ–¥–µ–ª—ë–Ω–Ω–∞—è —Å—Å—ã–ª–∫–∞ –Ω–∞ ¬´typeinfo for YAML::BadConversion¬ª
[6.360s] collect2: error: ld returned 1 exit status
[6.363s] gmake[2]: *** [CMakeFiles/test_coordinate_transformer.dir/build.make:212: test_coordinate_transformer] –û—à–∏–±–∫–∞ 1
[6.363s] gmake[1]: *** [CMakeFiles/Makefile2:185: CMakeFiles/test_coordinate_transformer.dir/all] –û—à–∏–±–∫–∞ 2
[6.364s] gmake: *** [Makefile:146: all] –û—à–∏–±–∫–∞ 2
[6.367s] Invoked command in '/home/user/ros2_ws/build/coordinate_transformer' returned '2': DEBUGINFOD_URLS=https://debuginfod.ubuntu.com /usr/bin/cmake --build /home/user/ros2_ws/build/coordinate_transformer -- -j12 -l12
