[0.019s] Invoking command in '/home/user/ros2_ws/build/coordinate_transformer': DEBUGINFOD_URLS=https://debuginfod.ubuntu.com /usr/bin/cmake /home/user/ros2_ws/src/coordinate_transformer -DCATKIN_INSTALL_INTO_PREFIX_ROOT=0 -DCMAKE_INSTALL_PREFIX=/home/user/ros2_ws/install/coordinate_transformer
[0.214s] -- The C compiler identification is GNU 13.3.0
[0.310s] -- The CXX compiler identification is GNU 13.3.0
[0.340s] -- Detecting C compiler ABI info
[0.489s] -- Detecting C compiler ABI info - done
[0.498s] -- Check for working C compiler: /usr/bin/cc - skipped
[0.499s] -- Detecting C compile features
[0.499s] -- Detecting C compile features - done
[0.515s] -- Detecting CXX compiler ABI info
[0.669s] -- Detecting CXX compiler ABI info - done
[0.678s] -- Check for working CXX compiler: /usr/bin/c++ - skipped
[0.679s] -- Detecting CXX compile features
[0.679s] -- Detecting CXX compile features - done
[0.710s] -- Found ament_cmake: 2.5.3 (/opt/ros/jazzy/share/ament_cmake/cmake)
[0.975s] -- Found Python3: /usr/bin/python3 (found version "3.12.3") found components: Interpreter 
[1.213s] -- Found rclcpp: 28.1.8 (/opt/ros/jazzy/share/rclcpp/cmake)
[1.340s] -- Found rosidl_generator_c: 4.6.5 (/opt/ros/jazzy/share/rosidl_generator_c/cmake)
[1.382s] -- Found rosidl_generator_cpp: 4.6.5 (/opt/ros/jazzy/share/rosidl_generator_cpp/cmake)
[1.431s] -- Using all available rosidl_typesupport_c: rosidl_typesupport_fastrtps_c;rosidl_typesupport_introspection_c
[1.481s] -- Using all available rosidl_typesupport_cpp: rosidl_typesupport_fastrtps_cpp;rosidl_typesupport_introspection_cpp
[1.655s] -- Found rmw_implementation_cmake: 7.3.2 (/opt/ros/jazzy/share/rmw_implementation_cmake/cmake)
[1.670s] -- Found rmw_fastrtps_cpp: 8.4.2 (/opt/ros/jazzy/share/rmw_fastrtps_cpp/cmake)
[1.916s] -- Found OpenSSL: /usr/lib/x86_64-linux-gnu/libcrypto.so (found version "3.0.13")  
[1.946s] -- Found FastRTPS: /opt/ros/jazzy/include (Required is at least version "2.13") 
[1.979s] -- Using RMW implementation 'rmw_fastrtps_cpp' as default
[2.138s] -- Found geometry_msgs: 5.3.6 (/opt/ros/jazzy/share/geometry_msgs/cmake)
[2.195s] -- Found tf2: 0.36.9 (/opt/ros/jazzy/share/tf2/cmake)
[2.209s] -- Found tf2_ros: 0.36.9 (/opt/ros/jazzy/share/tf2_ros/cmake)
[2.441s] -- Found tf2_geometry_msgs: 0.36.9 (/opt/ros/jazzy/share/tf2_geometry_msgs/cmake)
[2.494s] -- Found eigen3_cmake_module: 0.3.0 (/opt/ros/jazzy/share/eigen3_cmake_module/cmake)
[2.495s] -- Found Eigen3: TRUE (found version "3.4.0") 
[2.495s] -- Ensuring Eigen3 include directory is part of orocos-kdl CMake target
[2.531s] -- Found ament_cmake_gtest: 2.5.3 (/opt/ros/jazzy/share/ament_cmake_gtest/cmake)
[2.545s] -- Found gtest sources under '/opt/ros/jazzy/src/gtest_vendor': C++ tests using 'Google Test' will be built
[2.547s] -- Performing Test CMAKE_HAVE_LIBC_PTHREAD
[2.695s] -- Performing Test CMAKE_HAVE_LIBC_PTHREAD - Success
[2.696s] -- Found Threads: TRUE  
[2.802s] -- Configuring done (2.8s)
[2.824s] -- Generating done (0.0s)
[2.826s] [33mCMake Warning:
[2.826s]   Manually-specified variables were not used by the project:
[2.827s] 
[2.827s]     CATKIN_INSTALL_INTO_PREFIX_ROOT
[2.827s] 
[2.827s] [0m
[2.831s] -- Build files have been written to: /home/user/ros2_ws/build/coordinate_transformer
[2.845s] Invoked command in '/home/user/ros2_ws/build/coordinate_transformer' returned '0': DEBUGINFOD_URLS=https://debuginfod.ubuntu.com /usr/bin/cmake /home/user/ros2_ws/src/coordinate_transformer -DCATKIN_INSTALL_INTO_PREFIX_ROOT=0 -DCMAKE_INSTALL_PREFIX=/home/user/ros2_ws/install/coordinate_transformer
[2.847s] Invoking command in '/home/user/ros2_ws/build/coordinate_transformer': DEBUGINFOD_URLS=https://debuginfod.ubuntu.com /usr/bin/cmake --build /home/user/ros2_ws/build/coordinate_transformer -- -j12 -l12
[2.942s] [ 25%] [32mBuilding CXX object CMakeFiles/coordinate_transformer.dir/src/coordinate_transformer.cpp.o[0m
[2.942s] [ 25%] [32mBuilding CXX object gtest/CMakeFiles/gtest.dir/src/gtest-all.cc.o[0m
[2.942s] [ 37%] [32mBuilding CXX object gtest/CMakeFiles/gtest_main.dir/src/gtest_main.cc.o[0m
[3.561s] [ 50%] [32m[1mLinking CXX static library libgtest_main.a[0m
[3.921s] [ 50%] Built target gtest_main
[5.227s] [01m[K/home/user/ros2_ws/src/coordinate_transformer/src/coordinate_transformer.cpp:[m[K In member function ‚Äò[01m[Kcoordinate_transformer::ResultStatus coordinate_transformer::CoordinateTransformer::[01;32m[KinverseConvert[m[K(const geometry_msgs::msg::PoseStamped&, geometry_msgs::msg::PoseStamped&, const std::string&)[m[K‚Äô:
[5.227s] [01m[K/home/user/ros2_ws/src/coordinate_transformer/src/coordinate_transformer.cpp:56:37:[m[K [01;31m[Kerror: [m[Kno match for ‚Äò[01m[Koperator=[m[K‚Äô (operand types are ‚Äò[01m[Kgeometry_msgs::msg::PoseStamped_<std::allocator<void> >::_pose_type[m[K‚Äô {aka ‚Äò[01m[Kgeometry_msgs::msg::Pose_<std::allocator<void> >[m[K‚Äô} and ‚Äò[01m[Kgeometry_msgs::msg::Transform[m[K‚Äô {aka ‚Äò[01m[Kgeometry_msgs::msg::Transform_<std::allocator<void> >[m[K‚Äô})
[5.227s]    56 |   output.pose = tf2::toMsg(result_tf[01;31m[K)[m[K;
[5.227s]       |                                     [01;31m[K^[m[K
[5.227s] In file included from [01m[K/opt/ros/jazzy/include/geometry_msgs/geometry_msgs/msg/detail/pose_stamped__struct.hpp:25[m[K,
[5.227s]                  from [01m[K/opt/ros/jazzy/include/geometry_msgs/geometry_msgs/msg/pose_stamped.hpp:7[m[K,
[5.227s]                  from [01m[K/home/user/ros2_ws/src/coordinate_transformer/include/coordinate_transformer/coordinate_transformer.hpp:8[m[K,
[5.228s]                  from [01m[K/home/user/ros2_ws/src/coordinate_transformer/src/coordinate_transformer.cpp:1[m[K:
[5.228s] [01m[K/opt/ros/jazzy/include/geometry_msgs/geometry_msgs/msg/detail/pose__struct.hpp:41:8:[m[K [01;36m[Knote: [m[Kcandidate: ‚Äò[01m[Kconstexpr geometry_msgs::msg::Pose_<std::allocator<void> >& geometry_msgs::msg::Pose_<std::allocator<void> >::[01;32m[Koperator=[m[K(const geometry_msgs::msg::Pose_<std::allocator<void> >&)[m[K‚Äô
[5.228s]    41 | struct [01;36m[KPose_[m[K
[5.228s]       |        [01;36m[K^~~~~[m[K
[5.228s] [01m[K/opt/ros/jazzy/include/geometry_msgs/geometry_msgs/msg/detail/pose__struct.hpp:41:8:[m[K [01;36m[Knote: [m[K  no known conversion for argument 1 from ‚Äò[01m[Kgeometry_msgs::msg::Transform[m[K‚Äô {aka ‚Äò[01m[Kgeometry_msgs::msg::Transform_<std::allocator<void> >[m[K‚Äô} to ‚Äò[01m[Kconst geometry_msgs::msg::Pose_<std::allocator<void> >&[m[K‚Äô
[5.228s] [01m[K/opt/ros/jazzy/include/geometry_msgs/geometry_msgs/msg/detail/pose__struct.hpp:41:8:[m[K [01;36m[Knote: [m[Kcandidate: ‚Äò[01m[Kconstexpr geometry_msgs::msg::Pose_<std::allocator<void> >& geometry_msgs::msg::Pose_<std::allocator<void> >::[01;32m[Koperator=[m[K(geometry_msgs::msg::Pose_<std::allocator<void> >&&)[m[K‚Äô
[5.228s] [01m[K/opt/ros/jazzy/include/geometry_msgs/geometry_msgs/msg/detail/pose__struct.hpp:41:8:[m[K [01;36m[Knote: [m[K  no known conversion for argument 1 from ‚Äò[01m[Kgeometry_msgs::msg::Transform[m[K‚Äô {aka ‚Äò[01m[Kgeometry_msgs::msg::Transform_<std::allocator<void> >[m[K‚Äô} to ‚Äò[01m[Kgeometry_msgs::msg::Pose_<std::allocator<void> >&&[m[K‚Äô
[5.931s] gmake[2]: *** [CMakeFiles/coordinate_transformer.dir/build.make:76: CMakeFiles/coordinate_transformer.dir/src/coordinate_transformer.cpp.o] –û—à–∏–±–∫–∞ 1
[5.931s] gmake[1]: *** [CMakeFiles/Makefile2:157: CMakeFiles/coordinate_transformer.dir/all] –û—à–∏–±–∫–∞ 2
[5.931s] gmake[1]: *** –û–∂–∏–¥–∞–Ω–∏–µ –∑–∞–≤–µ—Ä—à–µ–Ω–∏—è –∑–∞–¥–∞–Ω–∏–π‚Ä¶
[5.987s] [ 62%] [32m[1mLinking CXX static library libgtest.a[0m
[6.119s] [ 62%] Built target gtest
[6.121s] gmake: *** [Makefile:146: all] –û—à–∏–±–∫–∞ 2
[6.124s] Invoked command in '/home/user/ros2_ws/build/coordinate_transformer' returned '2': DEBUGINFOD_URLS=https://debuginfod.ubuntu.com /usr/bin/cmake --build /home/user/ros2_ws/build/coordinate_transformer -- -j12 -l12
