[0.085s] Invoking command in '/home/user/ros2_ws/build/coordinate_transformer': DEBUGINFOD_URLS=https://debuginfod.ubuntu.com ROS_PACKAGE_PATH=/home/user/ros2_ws/src/coordinate_transformer:${ROS_PACKAGE_PATH} /usr/bin/ctest -C Release -D ExperimentalTest --no-compress-output -V --force-new-ctest-process
[0.102s] UpdateCTestConfiguration  from :/home/user/ros2_ws/build/coordinate_transformer/CTestConfiguration.ini
[0.103s] Parse Config file:/home/user/ros2_ws/build/coordinate_transformer/CTestConfiguration.ini
[0.103s]    Site: user-pc
[0.103s]    Build name: (empty)
[0.103s]  Add coverage exclude regular expressions.
[0.103s] Create new tag: 20250410-1649 - Experimental
[0.103s] UpdateCTestConfiguration  from :/home/user/ros2_ws/build/coordinate_transformer/CTestConfiguration.ini
[0.103s] Parse Config file:/home/user/ros2_ws/build/coordinate_transformer/CTestConfiguration.ini
[0.103s] Test project /home/user/ros2_ws/build/coordinate_transformer
[0.103s] Constructing a list of tests
[0.103s] Done constructing a list of tests
[0.104s] Updating test list for fixtures
[0.104s] Added 0 tests to meet fixture requirements
[0.104s] Checking test dependency graph...
[0.104s] Checking test dependency graph end
[0.104s] test 1
[0.104s]     Start 1: test_coordinate_transformer
[0.104s] 
[0.104s] 1: Test command: /usr/bin/python3 "-u" "/opt/ros/jazzy/share/ament_cmake_test/cmake/run_test.py" "/home/user/ros2_ws/build/coordinate_transformer/test_results/coordinate_transformer/test_coordinate_transformer.gtest.xml" "--package-name" "coordinate_transformer" "--output-file" "/home/user/ros2_ws/build/coordinate_transformer/ament_cmake_gtest/test_coordinate_transformer.txt" "--command" "/home/user/ros2_ws/build/coordinate_transformer/test_coordinate_transformer" "--gtest_output=xml:/home/user/ros2_ws/build/coordinate_transformer/test_results/coordinate_transformer/test_coordinate_transformer.gtest.xml"
[0.104s] 1: Working Directory: /home/user/ros2_ws/build/coordinate_transformer
[0.104s] 1: Test timeout computed to be: 60
[0.170s] 1: -- run_test.py: invoking following command in '/home/user/ros2_ws/build/coordinate_transformer':
[0.170s] 1:  - /home/user/ros2_ws/build/coordinate_transformer/test_coordinate_transformer --gtest_output=xml:/home/user/ros2_ws/build/coordinate_transformer/test_results/coordinate_transformer/test_coordinate_transformer.gtest.xml
[0.247s] 1: [==========] Running 6 tests from 1 test suite.
[0.248s] 1: [----------] Global test environment set-up.
[0.248s] 1: [----------] 6 tests from CoordinateTransformerTest
[0.248s] 1: [ RUN      ] CoordinateTransformerTest.ConvertSuccess
[0.249s] 1: unknown file: Failure
[0.250s] 1: C++ exception with description "context is already initialized" thrown in SetUp().
[0.250s] 1: 
[0.250s] 1: [  FAILED  ] CoordinateTransformerTest.ConvertSuccess (2 ms)
[0.250s] 1: [ RUN      ] CoordinateTransformerTest.OutOfBounds
[0.286s] 1: [       OK ] CoordinateTransformerTest.OutOfBounds (36 ms)
[0.286s] 1: [ RUN      ] CoordinateTransformerTest.TransformNotFound
[0.291s] 1: [ERROR] [1744303786.476399167] [test_node]: Transform nonexistent_frame->frameB not found
[0.294s] 1: [       OK ] CoordinateTransformerTest.TransformNotFound (7 ms)
[0.294s] 1: [ RUN      ] CoordinateTransformerTest.SameFrame
[0.299s] 1: [ERROR] [1744303786.483438774] [test_node]: Transform frameA->frameA not found
[0.299s] 1: /home/user/ros2_ws/src/coordinate_transformer/test/test_coordinate_transformer.cpp:105: Failure
[0.299s] 1: Expected equality of these values:
[0.299s] 1:   status
[0.300s] 1:     Which is: 4-byte object <02-00 00-00>
[0.300s] 1:   ResultStatus::SUCCESS
[0.300s] 1:     Which is: 4-byte object <00-00 00-00>
[0.300s] 1: 
[0.300s] 1: /home/user/ros2_ws/src/coordinate_transformer/test/test_coordinate_transformer.cpp:106: Failure
[0.300s] 1: Expected equality of these values:
[0.300s] 1:   output.header.frame_id
[0.300s] 1:     Which is: ""
[0.300s] 1:   "frameA"
[0.300s] 1: 
[0.301s] 1: /home/user/ros2_ws/src/coordinate_transformer/test/test_coordinate_transformer.cpp:107: Failure
[0.301s] 1: Expected equality of these values:
[0.301s] 1:   output.pose.position.x
[0.301s] 1:     Which is: 0
[0.301s] 1:   1.0
[0.301s] 1:     Which is: 1
[0.301s] 1: 
[0.301s] 1: /home/user/ros2_ws/src/coordinate_transformer/test/test_coordinate_transformer.cpp:108: Failure
[0.301s] 1: Expected equality of these values:
[0.301s] 1:   output.pose.position.y
[0.301s] 1:     Which is: 0
[0.302s] 1:   2.0
[0.302s] 1:     Which is: 2
[0.302s] 1: 
[0.302s] 1: /home/user/ros2_ws/src/coordinate_transformer/test/test_coordinate_transformer.cpp:109: Failure
[0.302s] 1: Expected equality of these values:
[0.302s] 1:   output.pose.position.z
[0.302s] 1:     Which is: 0
[0.302s] 1:   3.0
[0.302s] 1:     Which is: 3
[0.302s] 1: 
[0.302s] 1: [  FAILED  ] CoordinateTransformerTest.SameFrame (7 ms)
[0.302s] 1: [ RUN      ] CoordinateTransformerTest.SourceFrameNotFound
[0.306s] 1: [ERROR] [1744303786.490756026] [test_node]: Transform nonexistent_frame->frameB not found
[0.308s] 1: [       OK ] CoordinateTransformerTest.SourceFrameNotFound (7 ms)
[0.308s] 1: [ RUN      ] CoordinateTransformerTest.TargetFrameNotFound
[0.312s] 1: [ERROR] [1744303786.497732109] [test_node]: Transform frameA->nonexistent_frame not found
[0.315s] 1: [       OK ] CoordinateTransformerTest.TargetFrameNotFound (6 ms)
[0.315s] 1: [----------] 6 tests from CoordinateTransformerTest (67 ms total)
[0.315s] 1: 
[0.315s] 1: [----------] Global test environment tear-down
[0.315s] 1: [==========] 6 tests from 1 test suite ran. (67 ms total)
[0.315s] 1: [  PASSED  ] 4 tests.
[0.316s] 1: [  FAILED  ] 2 tests, listed below:
[0.316s] 1: [  FAILED  ] CoordinateTransformerTest.ConvertSuccess
[0.316s] 1: [  FAILED  ] CoordinateTransformerTest.SameFrame
[0.316s] 1: 
[0.316s] 1:  2 FAILED TESTS
[0.422s] 1: -- run_test.py: return code 1
[0.422s] 1: -- run_test.py: inject classname prefix into gtest result file '/home/user/ros2_ws/build/coordinate_transformer/test_results/coordinate_transformer/test_coordinate_transformer.gtest.xml'
[0.422s] 1: -- run_test.py: verify result file '/home/user/ros2_ws/build/coordinate_transformer/test_results/coordinate_transformer/test_coordinate_transformer.gtest.xml'
[0.436s] 1/1 Test #1: test_coordinate_transformer ......***Failed    0.33 sec
[0.436s] 
[0.436s] 0% tests passed[0;0m, [0;31m1 tests failed[0;0m out of 1
[0.436s] 
[0.437s] Label Time Summary:
[0.437s] gtest    =   0.33 sec*proc (1 test)
[0.437s] 
[0.437s] Total Test time (real) =   0.33 sec
[0.437s] 
[0.437s] The following tests FAILED:
[0.437s] 	[0;31m  1 - test_coordinate_transformer (Failed)[0;0m
[0.438s] Errors while running CTest
[0.438s] Output from these tests are in: /home/user/ros2_ws/build/coordinate_transformer/Testing/Temporary/LastTest.log
[0.438s] Use "--rerun-failed --output-on-failure" to re-run the failed cases verbosely.
[0.441s] Invoked command in '/home/user/ros2_ws/build/coordinate_transformer' returned '8': DEBUGINFOD_URLS=https://debuginfod.ubuntu.com ROS_PACKAGE_PATH=/home/user/ros2_ws/src/coordinate_transformer:${ROS_PACKAGE_PATH} /usr/bin/ctest -C Release -D ExperimentalTest --no-compress-output -V --force-new-ctest-process
