UpdateCTestConfiguration  from :/home/user/ros2_ws/build/coordinate_transformer/CTestConfiguration.ini
Parse Config file:/home/user/ros2_ws/build/coordinate_transformer/CTestConfiguration.ini
   Site: user-pc
   Build name: (empty)
 Add coverage exclude regular expressions.
Create new tag: 20250411-1045 - Experimental
UpdateCTestConfiguration  from :/home/user/ros2_ws/build/coordinate_transformer/CTestConfiguration.ini
Parse Config file:/home/user/ros2_ws/build/coordinate_transformer/CTestConfiguration.ini
Test project /home/user/ros2_ws/build/coordinate_transformer
Constructing a list of tests
Done constructing a list of tests
Updating test list for fixtures
Added 0 tests to meet fixture requirements
Checking test dependency graph...
Checking test dependency graph end
test 1
    Start 1: test_coordinate_transformer

1: Test command: /usr/bin/python3 "-u" "/opt/ros/jazzy/share/ament_cmake_test/cmake/run_test.py" "/home/user/ros2_ws/build/coordinate_transformer/test_results/coordinate_transformer/test_coordinate_transformer.gtest.xml" "--package-name" "coordinate_transformer" "--output-file" "/home/user/ros2_ws/build/coordinate_transformer/ament_cmake_gtest/test_coordinate_transformer.txt" "--command" "/home/user/ros2_ws/build/coordinate_transformer/test_coordinate_transformer" "--gtest_output=xml:/home/user/ros2_ws/build/coordinate_transformer/test_results/coordinate_transformer/test_coordinate_transformer.gtest.xml"
1: Working Directory: /home/user/ros2_ws/build/coordinate_transformer
1: Test timeout computed to be: 60
1: -- run_test.py: invoking following command in '/home/user/ros2_ws/build/coordinate_transformer':
1:  - /home/user/ros2_ws/build/coordinate_transformer/test_coordinate_transformer --gtest_output=xml:/home/user/ros2_ws/build/coordinate_transformer/test_results/coordinate_transformer/test_coordinate_transformer.gtest.xml
1: [==========] Running 10 tests from 1 test suite.
1: [----------] Global test environment set-up.
1: [----------] 10 tests from CoordinateTransformerTest
1: [ RUN      ] CoordinateTransformerTest.TransformTest
1: [       OK ] CoordinateTransformerTest.TransformTest (18 ms)
1: [ RUN      ] CoordinateTransformerTest.ConvertSuccess
1: [       OK ] CoordinateTransformerTest.ConvertSuccess (6 ms)
1: [ RUN      ] CoordinateTransformerTest.OutOfBounds
1: [       OK ] CoordinateTransformerTest.OutOfBounds (6 ms)
1: [ RUN      ] CoordinateTransformerTest.TransformNotFound
1: [ERROR] [1744368305.049506881] [test_node]: Transform nonexistent_frame->frameB not found
1: [       OK ] CoordinateTransformerTest.TransformNotFound (6 ms)
1: [ RUN      ] CoordinateTransformerTest.SameFrame
1: [       OK ] CoordinateTransformerTest.SameFrame (6 ms)
1: [ RUN      ] CoordinateTransformerTest.SourceFrameNotFound
1: [ERROR] [1744368305.062843130] [test_node]: Transform nonexistent_frame->frameB not found
1: [       OK ] CoordinateTransformerTest.SourceFrameNotFound (6 ms)
1: [ RUN      ] CoordinateTransformerTest.TargetFrameNotFound
1: [ERROR] [1744368305.069504130] [test_node]: Transform frameA->nonexistent_frame not found
1: [       OK ] CoordinateTransformerTest.TargetFrameNotFound (6 ms)
1: [ RUN      ] CoordinateTransformerTest.Rotation90
1: [       OK ] CoordinateTransformerTest.Rotation90 (6 ms)
1: [ RUN      ] CoordinateTransformerTest.Rotation180
1: [       OK ] CoordinateTransformerTest.Rotation180 (6 ms)
1: [ RUN      ] CoordinateTransformerTest.Rotation270
1: [       OK ] CoordinateTransformerTest.Rotation270 (6 ms)
1: [----------] 10 tests from CoordinateTransformerTest (78 ms total)
1: 
1: [----------] Global test environment tear-down
1: [==========] 10 tests from 1 test suite ran. (78 ms total)
1: [  PASSED  ] 10 tests.
1: -- run_test.py: return code 0
1: -- run_test.py: inject classname prefix into gtest result file '/home/user/ros2_ws/build/coordinate_transformer/test_results/coordinate_transformer/test_coordinate_transformer.gtest.xml'
1: -- run_test.py: verify result file '/home/user/ros2_ws/build/coordinate_transformer/test_results/coordinate_transformer/test_coordinate_transformer.gtest.xml'
1/1 Test #1: test_coordinate_transformer ......   Passed    0.28 sec

[0;32m100% tests passed[0;0m, 0 tests failed[0;0m out of 1

Label Time Summary:
gtest    =   0.28 sec*proc (1 test)

Total Test time (real) =   0.28 sec
