UpdateCTestConfiguration  from :/home/user/ros2_ws/build/coordinate_transformer/CTestConfiguration.ini
Parse Config file:/home/user/ros2_ws/build/coordinate_transformer/CTestConfiguration.ini
   Site: user-pc
   Build name: (empty)
 Add coverage exclude regular expressions.
Create new tag: 20250410-1650 - Experimental
UpdateCTestConfiguration  from :/home/user/ros2_ws/build/coordinate_transformer/CTestConfiguration.ini
Parse Config file:/home/user/ros2_ws/build/coordinate_transformer/CTestConfiguration.ini
Test project /home/user/ros2_ws/build/coordinate_transformer
Constructing a list of tests
Done constructing a list of tests
Updating test list for fixtures
Added 0 tests to meet fixture requirements
Checking test dependency graph...
Checking test dependency graph end
test 1
    Start 1: test_coordinate_transformer

1: Test command: /usr/bin/python3 "-u" "/opt/ros/jazzy/share/ament_cmake_test/cmake/run_test.py" "/home/user/ros2_ws/build/coordinate_transformer/test_results/coordinate_transformer/test_coordinate_transformer.gtest.xml" "--package-name" "coordinate_transformer" "--output-file" "/home/user/ros2_ws/build/coordinate_transformer/ament_cmake_gtest/test_coordinate_transformer.txt" "--command" "/home/user/ros2_ws/build/coordinate_transformer/test_coordinate_transformer" "--gtest_output=xml:/home/user/ros2_ws/build/coordinate_transformer/test_results/coordinate_transformer/test_coordinate_transformer.gtest.xml"
1: Working Directory: /home/user/ros2_ws/build/coordinate_transformer
1: Test timeout computed to be: 60
1: -- run_test.py: invoking following command in '/home/user/ros2_ws/build/coordinate_transformer':
1:  - /home/user/ros2_ws/build/coordinate_transformer/test_coordinate_transformer --gtest_output=xml:/home/user/ros2_ws/build/coordinate_transformer/test_results/coordinate_transformer/test_coordinate_transformer.gtest.xml
1: [==========] Running 6 tests from 1 test suite.
1: [----------] Global test environment set-up.
1: [----------] 6 tests from CoordinateTransformerTest
1: [ RUN      ] CoordinateTransformerTest.ConvertSuccess
1: unknown file: Failure
1: C++ exception with description "context is already initialized" thrown in SetUp().
1: 
1: [  FAILED  ] CoordinateTransformerTest.ConvertSuccess (0 ms)
1: [ RUN      ] CoordinateTransformerTest.OutOfBounds
1: [       OK ] CoordinateTransformerTest.OutOfBounds (17 ms)
1: [ RUN      ] CoordinateTransformerTest.TransformNotFound
1: [ERROR] [1744303856.920437009] [test_node]: Transform nonexistent_frame->frameB not found
1: [       OK ] CoordinateTransformerTest.TransformNotFound (7 ms)
1: [ RUN      ] CoordinateTransformerTest.SameFrame
1: [ERROR] [1744303856.928064942] [test_node]: Transform frameA->frameA not found
1: /home/user/ros2_ws/src/coordinate_transformer/test/test_coordinate_transformer.cpp:105: Failure
1: Expected equality of these values:
1:   status
1:     Which is: 4-byte object <02-00 00-00>
1:   ResultStatus::SUCCESS
1:     Which is: 4-byte object <00-00 00-00>
1: 
1: /home/user/ros2_ws/src/coordinate_transformer/test/test_coordinate_transformer.cpp:106: Failure
1: Expected equality of these values:
1:   output.header.frame_id
1:     Which is: ""
1:   "frameA"
1: 
1: /home/user/ros2_ws/src/coordinate_transformer/test/test_coordinate_transformer.cpp:107: Failure
1: Expected equality of these values:
1:   output.pose.position.x
1:     Which is: 0
1:   1.0
1:     Which is: 1
1: 
1: /home/user/ros2_ws/src/coordinate_transformer/test/test_coordinate_transformer.cpp:108: Failure
1: Expected equality of these values:
1:   output.pose.position.y
1:     Which is: 0
1:   2.0
1:     Which is: 2
1: 
1: /home/user/ros2_ws/src/coordinate_transformer/test/test_coordinate_transformer.cpp:109: Failure
1: Expected equality of these values:
1:   output.pose.position.z
1:     Which is: 0
1:   3.0
1:     Which is: 3
1: 
1: [  FAILED  ] CoordinateTransformerTest.SameFrame (7 ms)
1: [ RUN      ] CoordinateTransformerTest.SourceFrameNotFound
1: [ERROR] [1744303856.935620624] [test_node]: Transform nonexistent_frame->frameB not found
1: [       OK ] CoordinateTransformerTest.SourceFrameNotFound (7 ms)
1: [ RUN      ] CoordinateTransformerTest.TargetFrameNotFound
1: [ERROR] [1744303856.942908966] [test_node]: Transform frameA->nonexistent_frame not found
1: [       OK ] CoordinateTransformerTest.TargetFrameNotFound (7 ms)
1: [----------] 6 tests from CoordinateTransformerTest (48 ms total)
1: 
1: [----------] Global test environment tear-down
1: [==========] 6 tests from 1 test suite ran. (48 ms total)
1: [  PASSED  ] 4 tests.
1: [  FAILED  ] 2 tests, listed below:
1: [  FAILED  ] CoordinateTransformerTest.ConvertSuccess
1: [  FAILED  ] CoordinateTransformerTest.SameFrame
1: 
1:  2 FAILED TESTS
1: -- run_test.py: return code 1
1: -- run_test.py: inject classname prefix into gtest result file '/home/user/ros2_ws/build/coordinate_transformer/test_results/coordinate_transformer/test_coordinate_transformer.gtest.xml'
1: -- run_test.py: verify result file '/home/user/ros2_ws/build/coordinate_transformer/test_results/coordinate_transformer/test_coordinate_transformer.gtest.xml'
1/1 Test #1: test_coordinate_transformer ......***Failed    0.27 sec

0% tests passed[0;0m, [0;31m1 tests failed[0;0m out of 1

Label Time Summary:
gtest    =   0.27 sec*proc (1 test)

Total Test time (real) =   0.27 sec

The following tests FAILED:
	[0;31m  1 - test_coordinate_transformer (Failed)[0;0m
