[0.045s] Invoking command in '/home/user/ros2_ws/build/coordinate_transformer': DEBUGINFOD_URLS=https://debuginfod.ubuntu.com ROS_PACKAGE_PATH=/home/user/ros2_ws/src/coordinate_transformer:${ROS_PACKAGE_PATH} /usr/bin/ctest -C Release -D ExperimentalTest --no-compress-output -V --force-new-ctest-process -V
[0.061s] UpdateCTestConfiguration  from :/home/user/ros2_ws/build/coordinate_transformer/CTestConfiguration.ini
[0.062s] Parse Config file:/home/user/ros2_ws/build/coordinate_transformer/CTestConfiguration.ini
[0.062s]    Site: user-pc
[0.062s]    Build name: (empty)
[0.062s]  Add coverage exclude regular expressions.
[0.062s] Create new tag: 20250410-1650 - Experimental
[0.063s] UpdateCTestConfiguration  from :/home/user/ros2_ws/build/coordinate_transformer/CTestConfiguration.ini
[0.063s] Parse Config file:/home/user/ros2_ws/build/coordinate_transformer/CTestConfiguration.ini
[0.063s] Test project /home/user/ros2_ws/build/coordinate_transformer
[0.063s] Constructing a list of tests
[0.063s] Done constructing a list of tests
[0.063s] Updating test list for fixtures
[0.064s] Added 0 tests to meet fixture requirements
[0.064s] Checking test dependency graph...
[0.064s] Checking test dependency graph end
[0.064s] test 1
[0.064s]     Start 1: test_coordinate_transformer
[0.064s] 
[0.064s] 1: Test command: /usr/bin/python3 "-u" "/opt/ros/jazzy/share/ament_cmake_test/cmake/run_test.py" "/home/user/ros2_ws/build/coordinate_transformer/test_results/coordinate_transformer/test_coordinate_transformer.gtest.xml" "--package-name" "coordinate_transformer" "--output-file" "/home/user/ros2_ws/build/coordinate_transformer/ament_cmake_gtest/test_coordinate_transformer.txt" "--command" "/home/user/ros2_ws/build/coordinate_transformer/test_coordinate_transformer" "--gtest_output=xml:/home/user/ros2_ws/build/coordinate_transformer/test_results/coordinate_transformer/test_coordinate_transformer.gtest.xml"
[0.064s] 1: Working Directory: /home/user/ros2_ws/build/coordinate_transformer
[0.064s] 1: Test timeout computed to be: 60
[0.139s] 1: -- run_test.py: invoking following command in '/home/user/ros2_ws/build/coordinate_transformer':
[0.139s] 1:  - /home/user/ros2_ws/build/coordinate_transformer/test_coordinate_transformer --gtest_output=xml:/home/user/ros2_ws/build/coordinate_transformer/test_results/coordinate_transformer/test_coordinate_transformer.gtest.xml
[0.168s] 1: [==========] Running 6 tests from 1 test suite.
[0.168s] 1: [----------] Global test environment set-up.
[0.168s] 1: [----------] 6 tests from CoordinateTransformerTest
[0.168s] 1: [ RUN      ] CoordinateTransformerTest.ConvertSuccess
[0.168s] 1: unknown file: Failure
[0.168s] 1: C++ exception with description "context is already initialized" thrown in SetUp().
[0.169s] 1: 
[0.169s] 1: [  FAILED  ] CoordinateTransformerTest.ConvertSuccess (0 ms)
[0.169s] 1: [ RUN      ] CoordinateTransformerTest.OutOfBounds
[0.185s] 1: [       OK ] CoordinateTransformerTest.OutOfBounds (17 ms)
[0.186s] 1: [ RUN      ] CoordinateTransformerTest.TransformNotFound
[0.190s] 1: [ERROR] [1744303856.920437009] [test_node]: Transform nonexistent_frame->frameB not found
[0.193s] 1: [       OK ] CoordinateTransformerTest.TransformNotFound (7 ms)
[0.193s] 1: [ RUN      ] CoordinateTransformerTest.SameFrame
[0.198s] 1: [ERROR] [1744303856.928064942] [test_node]: Transform frameA->frameA not found
[0.198s] 1: /home/user/ros2_ws/src/coordinate_transformer/test/test_coordinate_transformer.cpp:105: Failure
[0.198s] 1: Expected equality of these values:
[0.198s] 1:   status
[0.198s] 1:     Which is: 4-byte object <02-00 00-00>
[0.199s] 1:   ResultStatus::SUCCESS
[0.199s] 1:     Which is: 4-byte object <00-00 00-00>
[0.199s] 1: 
[0.199s] 1: /home/user/ros2_ws/src/coordinate_transformer/test/test_coordinate_transformer.cpp:106: Failure
[0.199s] 1: Expected equality of these values:
[0.199s] 1:   output.header.frame_id
[0.199s] 1:     Which is: ""
[0.199s] 1:   "frameA"
[0.199s] 1: 
[0.200s] 1: /home/user/ros2_ws/src/coordinate_transformer/test/test_coordinate_transformer.cpp:107: Failure
[0.200s] 1: Expected equality of these values:
[0.200s] 1:   output.pose.position.x
[0.200s] 1:     Which is: 0
[0.200s] 1:   1.0
[0.200s] 1:     Which is: 1
[0.200s] 1: 
[0.200s] 1: /home/user/ros2_ws/src/coordinate_transformer/test/test_coordinate_transformer.cpp:108: Failure
[0.200s] 1: Expected equality of these values:
[0.200s] 1:   output.pose.position.y
[0.201s] 1:     Which is: 0
[0.201s] 1:   2.0
[0.201s] 1:     Which is: 2
[0.201s] 1: 
[0.201s] 1: /home/user/ros2_ws/src/coordinate_transformer/test/test_coordinate_transformer.cpp:109: Failure
[0.201s] 1: Expected equality of these values:
[0.201s] 1:   output.pose.position.z
[0.201s] 1:     Which is: 0
[0.201s] 1:   3.0
[0.201s] 1:     Which is: 3
[0.201s] 1: 
[0.201s] 1: [  FAILED  ] CoordinateTransformerTest.SameFrame (7 ms)
[0.201s] 1: [ RUN      ] CoordinateTransformerTest.SourceFrameNotFound
[0.206s] 1: [ERROR] [1744303856.935620624] [test_node]: Transform nonexistent_frame->frameB not found
[0.208s] 1: [       OK ] CoordinateTransformerTest.SourceFrameNotFound (7 ms)
[0.208s] 1: [ RUN      ] CoordinateTransformerTest.TargetFrameNotFound
[0.213s] 1: [ERROR] [1744303856.942908966] [test_node]: Transform frameA->nonexistent_frame not found
[0.215s] 1: [       OK ] CoordinateTransformerTest.TargetFrameNotFound (7 ms)
[0.215s] 1: [----------] 6 tests from CoordinateTransformerTest (48 ms total)
[0.215s] 1: 
[0.215s] 1: [----------] Global test environment tear-down
[0.215s] 1: [==========] 6 tests from 1 test suite ran. (48 ms total)
[0.216s] 1: [  PASSED  ] 4 tests.
[0.216s] 1: [  FAILED  ] 2 tests, listed below:
[0.216s] 1: [  FAILED  ] CoordinateTransformerTest.ConvertSuccess
[0.216s] 1: [  FAILED  ] CoordinateTransformerTest.SameFrame
[0.216s] 1: 
[0.216s] 1:  2 FAILED TESTS
[0.322s] 1: -- run_test.py: return code 1
[0.322s] 1: -- run_test.py: inject classname prefix into gtest result file '/home/user/ros2_ws/build/coordinate_transformer/test_results/coordinate_transformer/test_coordinate_transformer.gtest.xml'
[0.322s] 1: -- run_test.py: verify result file '/home/user/ros2_ws/build/coordinate_transformer/test_results/coordinate_transformer/test_coordinate_transformer.gtest.xml'
[0.335s] 1/1 Test #1: test_coordinate_transformer ......***Failed    0.27 sec
[0.335s] 
[0.336s] 0% tests passed[0;0m, [0;31m1 tests failed[0;0m out of 1
[0.336s] 
[0.336s] Label Time Summary:
[0.336s] gtest    =   0.27 sec*proc (1 test)
[0.336s] 
[0.336s] Total Test time (real) =   0.27 sec
[0.336s] 
[0.336s] The following tests FAILED:
[0.337s] 	[0;31m  1 - test_coordinate_transformer (Failed)[0;0m
[0.337s] Errors while running CTest
[0.337s] Output from these tests are in: /home/user/ros2_ws/build/coordinate_transformer/Testing/Temporary/LastTest.log
[0.337s] Use "--rerun-failed --output-on-failure" to re-run the failed cases verbosely.
[0.340s] Invoked command in '/home/user/ros2_ws/build/coordinate_transformer' returned '8': DEBUGINFOD_URLS=https://debuginfod.ubuntu.com ROS_PACKAGE_PATH=/home/user/ros2_ws/src/coordinate_transformer:${ROS_PACKAGE_PATH} /usr/bin/ctest -C Release -D ExperimentalTest --no-compress-output -V --force-new-ctest-process -V
