[ 25%] Built target gtest_main
[ 50%] Built target gtest
[ 62%] [32mBuilding CXX object CMakeFiles/coordinate_transformer.dir/src/coordinate_transformer.cpp.o[0m
[ 75%] [32m[1mLinking CXX shared library libcoordinate_transformer.so[0m
[ 75%] Built target coordinate_transformer
[ 87%] [32mBuilding CXX object CMakeFiles/test_coordinate_transformer.dir/test/test_coordinate_transformer.cpp.o[0m
[01m[K/home/user/ros2_ws/src/coordinate_transformer/test/test_coordinate_transformer.cpp:7:10:[m[K [01;31m[Kfatal error: [m[Ktf2_geometry_msgs/tf2_geometry_msgs.h: –ù–µ—Ç —Ç–∞–∫–æ–≥–æ —Ñ–∞–π–ª–∞ –∏–ª–∏ –∫–∞—Ç–∞–ª–æ–≥–∞
    7 | #include [01;31m[K"tf2_geometry_msgs/tf2_geometry_msgs.h"[m[K
      |          [01;31m[K^~~~~~~~~~~~~~~~~~~~~~~~~~~~~~~~~~~~~~~[m[K
compilation terminated.
gmake[2]: *** [CMakeFiles/test_coordinate_transformer.dir/build.make:76: CMakeFiles/test_coordinate_transformer.dir/test/test_coordinate_transformer.cpp.o] –û—à–∏–±–∫–∞ 1
gmake[1]: *** [CMakeFiles/Makefile2:185: CMakeFiles/test_coordinate_transformer.dir/all] –û—à–∏–±–∫–∞ 2
gmake: *** [Makefile:146: all] –û—à–∏–±–∫–∞ 2
