[0.045s] Invoking command in '/home/user/ros2_ws/build/coordinate_transformer': DEBUGINFOD_URLS=https://debuginfod.ubuntu.com ROS_PACKAGE_PATH=/home/user/ros2_ws/src/coordinate_transformer:${ROS_PACKAGE_PATH} /usr/bin/ctest -C Release -D ExperimentalTest --no-compress-output -V --force-new-ctest-process
[0.061s] UpdateCTestConfiguration  from :/home/user/ros2_ws/build/coordinate_transformer/CTestConfiguration.ini
[0.061s] Parse Config file:/home/user/ros2_ws/build/coordinate_transformer/CTestConfiguration.ini
[0.061s]    Site: user-pc
[0.062s]    Build name: (empty)
[0.062s]  Add coverage exclude regular expressions.
[0.062s] Create new tag: 20250411-0904 - Experimental
[0.062s] UpdateCTestConfiguration  from :/home/user/ros2_ws/build/coordinate_transformer/CTestConfiguration.ini
[0.062s] Parse Config file:/home/user/ros2_ws/build/coordinate_transformer/CTestConfiguration.ini
[0.062s] Test project /home/user/ros2_ws/build/coordinate_transformer
[0.062s] Constructing a list of tests
[0.062s] Done constructing a list of tests
[0.062s] Updating test list for fixtures
[0.062s] Added 0 tests to meet fixture requirements
[0.063s] Checking test dependency graph...
[0.063s] Checking test dependency graph end
[0.063s] test 1
[0.063s]     Start 1: test_coordinate_transformer
[0.063s] 
[0.063s] 1: Test command: /usr/bin/python3 "-u" "/opt/ros/jazzy/share/ament_cmake_test/cmake/run_test.py" "/home/user/ros2_ws/build/coordinate_transformer/test_results/coordinate_transformer/test_coordinate_transformer.gtest.xml" "--package-name" "coordinate_transformer" "--output-file" "/home/user/ros2_ws/build/coordinate_transformer/ament_cmake_gtest/test_coordinate_transformer.txt" "--command" "/home/user/ros2_ws/build/coordinate_transformer/test_coordinate_transformer" "--gtest_output=xml:/home/user/ros2_ws/build/coordinate_transformer/test_results/coordinate_transformer/test_coordinate_transformer.gtest.xml"
[0.063s] 1: Working Directory: /home/user/ros2_ws/build/coordinate_transformer
[0.063s] 1: Test timeout computed to be: 60
[0.122s] 1: -- run_test.py: invoking following command in '/home/user/ros2_ws/build/coordinate_transformer':
[0.123s] 1:  - /home/user/ros2_ws/build/coordinate_transformer/test_coordinate_transformer --gtest_output=xml:/home/user/ros2_ws/build/coordinate_transformer/test_results/coordinate_transformer/test_coordinate_transformer.gtest.xml
[0.148s] 1: [==========] Running 6 tests from 1 test suite.
[0.148s] 1: [----------] Global test environment set-up.
[0.148s] 1: [----------] 6 tests from CoordinateTransformerTest
[0.148s] 1: [ RUN      ] CoordinateTransformerTest.ConvertSuccess
[0.165s] 1: [       OK ] CoordinateTransformerTest.ConvertSuccess (17 ms)
[0.165s] 1: [ RUN      ] CoordinateTransformerTest.OutOfBounds
[0.172s] 1: [       OK ] CoordinateTransformerTest.OutOfBounds (7 ms)
[0.172s] 1: [ RUN      ] CoordinateTransformerTest.TransformNotFound
[0.176s] 1: [ERROR] [1744362287.534598214] [test_node]: Transform nonexistent_frame->frameB not found
[0.179s] 1: [       OK ] CoordinateTransformerTest.TransformNotFound (6 ms)
[0.179s] 1: [ RUN      ] CoordinateTransformerTest.SameFrame
[0.185s] 1: [       OK ] CoordinateTransformerTest.SameFrame (6 ms)
[0.185s] 1: [ RUN      ] CoordinateTransformerTest.SourceFrameNotFound
[0.190s] 1: [ERROR] [1744362287.547847289] [test_node]: Transform nonexistent_frame->frameB not found
[0.192s] 1: [       OK ] CoordinateTransformerTest.SourceFrameNotFound (6 ms)
[0.192s] 1: [ RUN      ] CoordinateTransformerTest.TargetFrameNotFound
[0.196s] 1: [ERROR] [1744362287.554471722] [test_node]: Transform frameA->nonexistent_frame not found
[0.198s] 1: [       OK ] CoordinateTransformerTest.TargetFrameNotFound (6 ms)
[0.199s] 1: [----------] 6 tests from CoordinateTransformerTest (51 ms total)
[0.199s] 1: 
[0.199s] 1: [----------] Global test environment tear-down
[0.199s] 1: [==========] 6 tests from 1 test suite ran. (51 ms total)
[0.199s] 1: [  PASSED  ] 6 tests.
[0.305s] 1: -- run_test.py: return code 0
[0.305s] 1: -- run_test.py: inject classname prefix into gtest result file '/home/user/ros2_ws/build/coordinate_transformer/test_results/coordinate_transformer/test_coordinate_transformer.gtest.xml'
[0.305s] 1: -- run_test.py: verify result file '/home/user/ros2_ws/build/coordinate_transformer/test_results/coordinate_transformer/test_coordinate_transformer.gtest.xml'
[0.319s] 1/1 Test #1: test_coordinate_transformer ......   Passed    0.26 sec
[0.319s] 
[0.319s] [0;32m100% tests passed[0;0m, 0 tests failed[0;0m out of 1
[0.319s] 
[0.320s] Label Time Summary:
[0.320s] gtest    =   0.26 sec*proc (1 test)
[0.320s] 
[0.320s] Total Test time (real) =   0.26 sec
[0.324s] Invoked command in '/home/user/ros2_ws/build/coordinate_transformer' returned '0': DEBUGINFOD_URLS=https://debuginfod.ubuntu.com ROS_PACKAGE_PATH=/home/user/ros2_ws/src/coordinate_transformer:${ROS_PACKAGE_PATH} /usr/bin/ctest -C Release -D ExperimentalTest --no-compress-output -V --force-new-ctest-process
